---------- Date: 2013-09-09 02:51:50 ~ IP : 195.234.4.55 ----------
REQUEST URI : /
MOD DETAILS:
   modFile   : /home/virtwww/w_dev-ska-com_87b8b5ee/http/vqmod/xml/fast_order.xml
   id        : Free fast order
   version   : 1.0
   vqmver    : 2.1.6
   author    : RGB

File Name    : catalog/view/theme/*/template/common/header.tpl(1)
VQModObject::applyMod - SEARCH NOT FOUND (ABORTING MOD): <link rel="stylesheet" type="text/css" href="catalog/view/theme/default/stylesheet/stylesheet.css" />

----------------------------------------------------------------------


---------- Date: 2013-09-09 09:30:12 ~ IP : 178.136.129.61 ----------
REQUEST URI : /
MOD DETAILS:
   modFile   : /home/virtwww/w_dev-ska-com_87b8b5ee/http/vqmod/xml/fast_order.xml
   id        : Free fast order
   version   : 1.0
   vqmver    : 2.1.6
   author    : RGB

File Name    : catalog/view/theme/*/template/common/header.tpl(1)
VQModObject::applyMod - SEARCH NOT FOUND (ABORTING MOD): <link rel="stylesheet" type="text/css" href="catalog/view/theme/default/stylesheet/stylesheet.css" />

----------------------------------------------------------------------


---------- Date: 2013-09-09 09:31:15 ~ IP : 178.136.129.61 ----------
REQUEST URI : /
MOD DETAILS:
   modFile   : /home/virtwww/w_dev-ska-com_87b8b5ee/http/vqmod/xml/fast_order.xml
   id        : Free fast order
   version   : 1.0
   vqmver    : 2.1.6
   author    : RGB

File Name    : catalog/view/theme/*/template/common/header.tpl(1)
VQModObject::applyMod - SEARCH NOT FOUND (ABORTING MOD): <link rel="stylesheet" type="text/css" href="catalog/view/theme/default/stylesheet/stylesheet.css" />

----------------------------------------------------------------------


---------- Date: 2013-09-09 09:32:12 ~ IP : 178.136.129.61 ----------
REQUEST URI : /apple/tabs
MOD DETAILS:
   modFile   : /home/virtwww/w_dev-ska-com_87b8b5ee/http/vqmod/xml/fast_order.xml
   id        : Free fast order
   version   : 1.0
   vqmver    : 2.1.6
   author    : RGB

File Name    : catalog/view/theme/*/template/common/header.tpl(1)
VQModObject::applyMod - SEARCH NOT FOUND (ABORTING MOD): <link rel="stylesheet" type="text/css" href="catalog/view/theme/default/stylesheet/stylesheet.css" />

----------------------------------------------------------------------


---------- Date: 2013-09-09 09:32:28 ~ IP : 178.136.129.61 ----------
REQUEST URI : /index.php?route=checkout/cart
MOD DETAILS:
   modFile   : /home/virtwww/w_dev-ska-com_87b8b5ee/http/vqmod/xml/fast_order.xml
   id        : Free fast order
   version   : 1.0
   vqmver    : 2.1.6
   author    : RGB

File Name    : catalog/view/theme/*/template/common/header.tpl(1)
VQModObject::applyMod - SEARCH NOT FOUND (ABORTING MOD): <link rel="stylesheet" type="text/css" href="catalog/view/theme/default/stylesheet/stylesheet.css" />

----------------------------------------------------------------------


---------- Date: 2013-09-09 09:32:38 ~ IP : 178.136.129.61 ----------
REQUEST URI : /index.php?route=checkout/cart
MOD DETAILS:
   modFile   : /home/virtwww/w_dev-ska-com_87b8b5ee/http/vqmod/xml/fast_order.xml
   id        : Free fast order
   version   : 1.0
   vqmver    : 2.1.6
   author    : RGB

File Name    : catalog/view/theme/*/template/common/header.tpl(1)
VQModObject::applyMod - SEARCH NOT FOUND (ABORTING MOD): <link rel="stylesheet" type="text/css" href="catalog/view/theme/default/stylesheet/stylesheet.css" />

----------------------------------------------------------------------


---------- Date: 2013-09-09 09:33:06 ~ IP : 178.136.129.61 ----------
REQUEST URI : /index.php?route=common/home
MOD DETAILS:
   modFile   : /home/virtwww/w_dev-ska-com_87b8b5ee/http/vqmod/xml/fast_order.xml
   id        : Free fast order
   version   : 1.0
   vqmver    : 2.1.6
   author    : RGB

File Name    : catalog/view/theme/*/template/common/header.tpl(1)
VQModObject::applyMod - SEARCH NOT FOUND (ABORTING MOD): <link rel="stylesheet" type="text/css" href="catalog/view/theme/default/stylesheet/stylesheet.css" />

----------------------------------------------------------------------


---------- Date: 2013-09-09 09:34:45 ~ IP : 178.136.129.61 ----------
REQUEST URI : /index.php?route=common/home
MOD DETAILS:
   modFile   : /home/virtwww/w_dev-ska-com_87b8b5ee/http/vqmod/xml/fast_order.xml
   id        : Free fast order
   version   : 1.0
   vqmver    : 2.1.6
   author    : RGB

File Name    : catalog/view/theme/*/template/common/header.tpl(1)
VQModObject::applyMod - SEARCH NOT FOUND (ABORTING MOD): <link rel="stylesheet" type="text/css" href="catalog/view/theme/default/stylesheet/stylesheet.css" />

----------------------------------------------------------------------


---------- Date: 2013-09-09 09:34:51 ~ IP : 178.136.129.61 ----------
REQUEST URI : /office_techniks/mfd
MOD DETAILS:
   modFile   : /home/virtwww/w_dev-ska-com_87b8b5ee/http/vqmod/xml/fast_order.xml
   id        : Free fast order
   version   : 1.0
   vqmver    : 2.1.6
   author    : RGB

File Name    : catalog/view/theme/*/template/common/header.tpl(1)
VQModObject::applyMod - SEARCH NOT FOUND (ABORTING MOD): <link rel="stylesheet" type="text/css" href="catalog/view/theme/default/stylesheet/stylesheet.css" />

----------------------------------------------------------------------


---------- Date: 2013-09-09 09:35:13 ~ IP : 178.136.129.61 ----------
REQUEST URI : /index.php?route=checkout/checkout
MOD DETAILS:
   modFile   : /home/virtwww/w_dev-ska-com_87b8b5ee/http/vqmod/xml/fast_order.xml
   id        : Free fast order
   version   : 1.0
   vqmver    : 2.1.6
   author    : RGB

File Name    : catalog/view/theme/*/template/common/header.tpl(1)
VQModObject::applyMod - SEARCH NOT FOUND (ABORTING MOD): <link rel="stylesheet" type="text/css" href="catalog/view/theme/default/stylesheet/stylesheet.css" />

----------------------------------------------------------------------


---------- Date: 2013-09-09 09:35:15 ~ IP : 178.136.129.61 ----------
REQUEST URI : /index.php?route=common/home
MOD DETAILS:
   modFile   : /home/virtwww/w_dev-ska-com_87b8b5ee/http/vqmod/xml/fast_order.xml
   id        : Free fast order
   version   : 1.0
   vqmver    : 2.1.6
   author    : RGB

File Name    : catalog/view/theme/*/template/common/header.tpl(1)
VQModObject::applyMod - SEARCH NOT FOUND (ABORTING MOD): <link rel="stylesheet" type="text/css" href="catalog/view/theme/default/stylesheet/stylesheet.css" />

----------------------------------------------------------------------


---------- Date: 2013-09-09 09:35:25 ~ IP : 178.136.129.61 ----------
REQUEST URI : /index.php?route=information/information&amp;information_id=17
MOD DETAILS:
   modFile   : /home/virtwww/w_dev-ska-com_87b8b5ee/http/vqmod/xml/fast_order.xml
   id        : Free fast order
   version   : 1.0
   vqmver    : 2.1.6
   author    : RGB

File Name    : catalog/view/theme/*/template/common/header.tpl(1)
VQModObject::applyMod - SEARCH NOT FOUND (ABORTING MOD): <link rel="stylesheet" type="text/css" href="catalog/view/theme/default/stylesheet/stylesheet.css" />

----------------------------------------------------------------------


---------- Date: 2013-09-09 09:35:39 ~ IP : 178.136.129.61 ----------
REQUEST URI : /index.php?route=common/home
MOD DETAILS:
   modFile   : /home/virtwww/w_dev-ska-com_87b8b5ee/http/vqmod/xml/fast_order.xml
   id        : Free fast order
   version   : 1.0
   vqmver    : 2.1.6
   author    : RGB

File Name    : catalog/view/theme/*/template/common/header.tpl(1)
VQModObject::applyMod - SEARCH NOT FOUND (ABORTING MOD): <link rel="stylesheet" type="text/css" href="catalog/view/theme/default/stylesheet/stylesheet.css" />

----------------------------------------------------------------------


---------- Date: 2013-09-09 09:36:00 ~ IP : 178.136.129.61 ----------
REQUEST URI : /index.php?route=checkout/cart
MOD DETAILS:
   modFile   : /home/virtwww/w_dev-ska-com_87b8b5ee/http/vqmod/xml/fast_order.xml
   id        : Free fast order
   version   : 1.0
   vqmver    : 2.1.6
   author    : RGB

File Name    : catalog/view/theme/*/template/common/header.tpl(1)
VQModObject::applyMod - SEARCH NOT FOUND (ABORTING MOD): <link rel="stylesheet" type="text/css" href="catalog/view/theme/default/stylesheet/stylesheet.css" />

----------------------------------------------------------------------


---------- Date: 2013-09-09 09:36:03 ~ IP : 178.136.129.61 ----------
REQUEST URI : /index.php?route=checkout/cart
MOD DETAILS:
   modFile   : /home/virtwww/w_dev-ska-com_87b8b5ee/http/vqmod/xml/fast_order.xml
   id        : Free fast order
   version   : 1.0
   vqmver    : 2.1.6
   author    : RGB

File Name    : catalog/view/theme/*/template/common/header.tpl(1)
VQModObject::applyMod - SEARCH NOT FOUND (ABORTING MOD): <link rel="stylesheet" type="text/css" href="catalog/view/theme/default/stylesheet/stylesheet.css" />

----------------------------------------------------------------------


---------- Date: 2013-09-09 09:36:08 ~ IP : 178.136.129.61 ----------
REQUEST URI : /index.php?route=checkout/cart
MOD DETAILS:
   modFile   : /home/virtwww/w_dev-ska-com_87b8b5ee/http/vqmod/xml/fast_order.xml
   id        : Free fast order
   version   : 1.0
   vqmver    : 2.1.6
   author    : RGB

File Name    : catalog/view/theme/*/template/common/header.tpl(1)
VQModObject::applyMod - SEARCH NOT FOUND (ABORTING MOD): <link rel="stylesheet" type="text/css" href="catalog/view/theme/default/stylesheet/stylesheet.css" />

----------------------------------------------------------------------


---------- Date: 2013-09-09 09:36:16 ~ IP : 178.136.129.61 ----------
REQUEST URI : /index.php?route=checkout/cart
MOD DETAILS:
   modFile   : /home/virtwww/w_dev-ska-com_87b8b5ee/http/vqmod/xml/fast_order.xml
   id        : Free fast order
   version   : 1.0
   vqmver    : 2.1.6
   author    : RGB

File Name    : catalog/view/theme/*/template/common/header.tpl(1)
VQModObject::applyMod - SEARCH NOT FOUND (ABORTING MOD): <link rel="stylesheet" type="text/css" href="catalog/view/theme/default/stylesheet/stylesheet.css" />

----------------------------------------------------------------------


---------- Date: 2013-09-09 09:36:18 ~ IP : 178.136.129.61 ----------
REQUEST URI : /index.php?route=checkout/cart
MOD DETAILS:
   modFile   : /home/virtwww/w_dev-ska-com_87b8b5ee/http/vqmod/xml/fast_order.xml
   id        : Free fast order
   version   : 1.0
   vqmver    : 2.1.6
   author    : RGB

File Name    : catalog/view/theme/*/template/common/header.tpl(1)
VQModObject::applyMod - SEARCH NOT FOUND (ABORTING MOD): <link rel="stylesheet" type="text/css" href="catalog/view/theme/default/stylesheet/stylesheet.css" />

----------------------------------------------------------------------


---------- Date: 2013-09-09 09:36:25 ~ IP : 178.136.129.61 ----------
REQUEST URI : /camcorers
MOD DETAILS:
   modFile   : /home/virtwww/w_dev-ska-com_87b8b5ee/http/vqmod/xml/fast_order.xml
   id        : Free fast order
   version   : 1.0
   vqmver    : 2.1.6
   author    : RGB

File Name    : catalog/view/theme/*/template/common/header.tpl(1)
VQModObject::applyMod - SEARCH NOT FOUND (ABORTING MOD): <link rel="stylesheet" type="text/css" href="catalog/view/theme/default/stylesheet/stylesheet.css" />

----------------------------------------------------------------------


---------- Date: 2013-09-09 09:36:31 ~ IP : 178.136.129.61 ----------
REQUEST URI : /accumulators
MOD DETAILS:
   modFile   : /home/virtwww/w_dev-ska-com_87b8b5ee/http/vqmod/xml/fast_order.xml
   id        : Free fast order
   version   : 1.0
   vqmver    : 2.1.6
   author    : RGB

File Name    : catalog/view/theme/*/template/common/header.tpl(1)
VQModObject::applyMod - SEARCH NOT FOUND (ABORTING MOD): <link rel="stylesheet" type="text/css" href="catalog/view/theme/default/stylesheet/stylesheet.css" />

----------------------------------------------------------------------


---------- Date: 2013-09-09 09:36:44 ~ IP : 178.136.129.61 ----------
REQUEST URI : /index.php?route=checkout/checkout
MOD DETAILS:
   modFile   : /home/virtwww/w_dev-ska-com_87b8b5ee/http/vqmod/xml/fast_order.xml
   id        : Free fast order
   version   : 1.0
   vqmver    : 2.1.6
   author    : RGB

File Name    : catalog/view/theme/*/template/common/header.tpl(1)
VQModObject::applyMod - SEARCH NOT FOUND (ABORTING MOD): <link rel="stylesheet" type="text/css" href="catalog/view/theme/default/stylesheet/stylesheet.css" />

----------------------------------------------------------------------


---------- Date: 2013-09-09 09:37:50 ~ IP : 178.136.129.61 ----------
REQUEST URI : /index.php?route=checkout/success
MOD DETAILS:
   modFile   : /home/virtwww/w_dev-ska-com_87b8b5ee/http/vqmod/xml/fast_order.xml
   id        : Free fast order
   version   : 1.0
   vqmver    : 2.1.6
   author    : RGB

File Name    : catalog/view/theme/*/template/common/header.tpl(1)
VQModObject::applyMod - SEARCH NOT FOUND (ABORTING MOD): <link rel="stylesheet" type="text/css" href="catalog/view/theme/default/stylesheet/stylesheet.css" />

----------------------------------------------------------------------


---------- Date: 2013-09-09 09:37:58 ~ IP : 178.136.129.61 ----------
REQUEST URI : /index.php?route=common/home
MOD DETAILS:
   modFile   : /home/virtwww/w_dev-ska-com_87b8b5ee/http/vqmod/xml/fast_order.xml
   id        : Free fast order
   version   : 1.0
   vqmver    : 2.1.6
   author    : RGB

File Name    : catalog/view/theme/*/template/common/header.tpl(1)
VQModObject::applyMod - SEARCH NOT FOUND (ABORTING MOD): <link rel="stylesheet" type="text/css" href="catalog/view/theme/default/stylesheet/stylesheet.css" />

----------------------------------------------------------------------


---------- Date: 2013-09-09 09:38:14 ~ IP : 178.136.129.61 ----------
REQUEST URI : /index.php?route=checkout/success
MOD DETAILS:
   modFile   : /home/virtwww/w_dev-ska-com_87b8b5ee/http/vqmod/xml/fast_order.xml
   id        : Free fast order
   version   : 1.0
   vqmver    : 2.1.6
   author    : RGB

File Name    : catalog/view/theme/*/template/common/header.tpl(1)
VQModObject::applyMod - SEARCH NOT FOUND (ABORTING MOD): <link rel="stylesheet" type="text/css" href="catalog/view/theme/default/stylesheet/stylesheet.css" />

----------------------------------------------------------------------


---------- Date: 2013-09-09 09:41:51 ~ IP : 178.136.129.61 ----------
REQUEST URI : /index.php?route=account/register
MOD DETAILS:
   modFile   : /home/virtwww/w_dev-ska-com_87b8b5ee/http/vqmod/xml/fast_order.xml
   id        : Free fast order
   version   : 1.0
   vqmver    : 2.1.6
   author    : RGB

File Name    : catalog/view/theme/*/template/common/header.tpl(1)
VQModObject::applyMod - SEARCH NOT FOUND (ABORTING MOD): <link rel="stylesheet" type="text/css" href="catalog/view/theme/default/stylesheet/stylesheet.css" />

----------------------------------------------------------------------


---------- Date: 2013-09-09 09:42:06 ~ IP : 178.136.129.61 ----------
REQUEST URI : /index.php?route=checkout/cart
MOD DETAILS:
   modFile   : /home/virtwww/w_dev-ska-com_87b8b5ee/http/vqmod/xml/fast_order.xml
   id        : Free fast order
   version   : 1.0
   vqmver    : 2.1.6
   author    : RGB

File Name    : catalog/view/theme/*/template/common/header.tpl(1)
VQModObject::applyMod - SEARCH NOT FOUND (ABORTING MOD): <link rel="stylesheet" type="text/css" href="catalog/view/theme/default/stylesheet/stylesheet.css" />

----------------------------------------------------------------------


---------- Date: 2013-09-09 09:42:26 ~ IP : 178.136.129.61 ----------
REQUEST URI : /index.php?route=product/category&amp;path=62_64
MOD DETAILS:
   modFile   : /home/virtwww/w_dev-ska-com_87b8b5ee/http/vqmod/xml/fast_order.xml
   id        : Free fast order
   version   : 1.0
   vqmver    : 2.1.6
   author    : RGB

File Name    : catalog/view/theme/*/template/common/header.tpl(1)
VQModObject::applyMod - SEARCH NOT FOUND (ABORTING MOD): <link rel="stylesheet" type="text/css" href="catalog/view/theme/default/stylesheet/stylesheet.css" />

----------------------------------------------------------------------


---------- Date: 2013-09-09 09:42:37 ~ IP : 178.136.129.61 ----------
REQUEST URI : /index.php?route=common/home
MOD DETAILS:
   modFile   : /home/virtwww/w_dev-ska-com_87b8b5ee/http/vqmod/xml/fast_order.xml
   id        : Free fast order
   version   : 1.0
   vqmver    : 2.1.6
   author    : RGB

File Name    : catalog/view/theme/*/template/common/header.tpl(1)
VQModObject::applyMod - SEARCH NOT FOUND (ABORTING MOD): <link rel="stylesheet" type="text/css" href="catalog/view/theme/default/stylesheet/stylesheet.css" />

----------------------------------------------------------------------


---------- Date: 2013-09-09 10:04:49 ~ IP : 178.136.129.61 ----------
REQUEST URI : /index.php?route=information/information&amp;information_id=18
MOD DETAILS:
   modFile   : /home/virtwww/w_dev-ska-com_87b8b5ee/http/vqmod/xml/fast_order.xml
   id        : Free fast order
   version   : 1.0
   vqmver    : 2.1.6
   author    : RGB

File Name    : catalog/view/theme/*/template/common/header.tpl(1)
VQModObject::applyMod - SEARCH NOT FOUND (ABORTING MOD): <link rel="stylesheet" type="text/css" href="catalog/view/theme/default/stylesheet/stylesheet.css" />

----------------------------------------------------------------------


---------- Date: 2013-09-09 10:08:58 ~ IP : 178.136.129.61 ----------
REQUEST URI : /index.php?route=information/information&amp;information_id=19
MOD DETAILS:
   modFile   : /home/virtwww/w_dev-ska-com_87b8b5ee/http/vqmod/xml/fast_order.xml
   id        : Free fast order
   version   : 1.0
   vqmver    : 2.1.6
   author    : RGB

File Name    : catalog/view/theme/*/template/common/header.tpl(1)
VQModObject::applyMod - SEARCH NOT FOUND (ABORTING MOD): <link rel="stylesheet" type="text/css" href="catalog/view/theme/default/stylesheet/stylesheet.css" />

----------------------------------------------------------------------


---------- Date: 2013-09-09 10:09:40 ~ IP : 178.136.129.61 ----------
REQUEST URI : /
MOD DETAILS:
   modFile   : /home/virtwww/w_dev-ska-com_87b8b5ee/http/vqmod/xml/fast_order.xml
   id        : Free fast order
   version   : 1.0
   vqmver    : 2.1.6
   author    : RGB

File Name    : catalog/view/theme/*/template/common/header.tpl(1)
VQModObject::applyMod - SEARCH NOT FOUND (ABORTING MOD): <link rel="stylesheet" type="text/css" href="catalog/view/theme/default/stylesheet/stylesheet.css" />

----------------------------------------------------------------------


---------- Date: 2013-09-09 10:09:45 ~ IP : 178.136.129.61 ----------
REQUEST URI : /index.php?route=information/information&amp;information_id=17
MOD DETAILS:
   modFile   : /home/virtwww/w_dev-ska-com_87b8b5ee/http/vqmod/xml/fast_order.xml
   id        : Free fast order
   version   : 1.0
   vqmver    : 2.1.6
   author    : RGB

File Name    : catalog/view/theme/*/template/common/header.tpl(1)
VQModObject::applyMod - SEARCH NOT FOUND (ABORTING MOD): <link rel="stylesheet" type="text/css" href="catalog/view/theme/default/stylesheet/stylesheet.css" />

----------------------------------------------------------------------


---------- Date: 2013-09-09 10:10:15 ~ IP : 178.136.129.61 ----------
REQUEST URI : /index.php?route=information/information&amp;information_id=19
MOD DETAILS:
   modFile   : /home/virtwww/w_dev-ska-com_87b8b5ee/http/vqmod/xml/fast_order.xml
   id        : Free fast order
   version   : 1.0
   vqmver    : 2.1.6
   author    : RGB

File Name    : catalog/view/theme/*/template/common/header.tpl(1)
VQModObject::applyMod - SEARCH NOT FOUND (ABORTING MOD): <link rel="stylesheet" type="text/css" href="catalog/view/theme/default/stylesheet/stylesheet.css" />

----------------------------------------------------------------------


---------- Date: 2013-09-09 10:10:24 ~ IP : 178.136.129.61 ----------
REQUEST URI : /index.php?route=information/information&amp;information_id=9
MOD DETAILS:
   modFile   : /home/virtwww/w_dev-ska-com_87b8b5ee/http/vqmod/xml/fast_order.xml
   id        : Free fast order
   version   : 1.0
   vqmver    : 2.1.6
   author    : RGB

File Name    : catalog/view/theme/*/template/common/header.tpl(1)
VQModObject::applyMod - SEARCH NOT FOUND (ABORTING MOD): <link rel="stylesheet" type="text/css" href="catalog/view/theme/default/stylesheet/stylesheet.css" />

----------------------------------------------------------------------


---------- Date: 2013-09-09 10:30:28 ~ IP : 178.136.129.61 ----------
REQUEST URI : /index.php?route=common/home
MOD DETAILS:
   modFile   : /home/virtwww/w_dev-ska-com_87b8b5ee/http/vqmod/xml/fast_order.xml
   id        : Free fast order
   version   : 1.0
   vqmver    : 2.1.6
   author    : RGB

File Name    : catalog/view/theme/*/template/common/header.tpl(1)
VQModObject::applyMod - SEARCH NOT FOUND (ABORTING MOD): <link rel="stylesheet" type="text/css" href="catalog/view/theme/default/stylesheet/stylesheet.css" />

----------------------------------------------------------------------


---------- Date: 2013-09-09 10:32:13 ~ IP : 178.136.129.61 ----------
REQUEST URI : /office_techniks/mfd
MOD DETAILS:
   modFile   : /home/virtwww/w_dev-ska-com_87b8b5ee/http/vqmod/xml/fast_order.xml
   id        : Free fast order
   version   : 1.0
   vqmver    : 2.1.6
   author    : RGB

File Name    : catalog/view/theme/*/template/common/header.tpl(1)
VQModObject::applyMod - SEARCH NOT FOUND (ABORTING MOD): <link rel="stylesheet" type="text/css" href="catalog/view/theme/default/stylesheet/stylesheet.css" />

----------------------------------------------------------------------


---------- Date: 2013-09-09 10:36:26 ~ IP : 178.136.129.61 ----------
REQUEST URI : /other/Inkjet-cartriges
MOD DETAILS:
   modFile   : /home/virtwww/w_dev-ska-com_87b8b5ee/http/vqmod/xml/fast_order.xml
   id        : Free fast order
   version   : 1.0
   vqmver    : 2.1.6
   author    : RGB

File Name    : catalog/view/theme/*/template/common/header.tpl(1)
VQModObject::applyMod - SEARCH NOT FOUND (ABORTING MOD): <link rel="stylesheet" type="text/css" href="catalog/view/theme/default/stylesheet/stylesheet.css" />

----------------------------------------------------------------------


---------- Date: 2013-09-09 10:36:42 ~ IP : 178.136.129.61 ----------
REQUEST URI : /accumulators
MOD DETAILS:
   modFile   : /home/virtwww/w_dev-ska-com_87b8b5ee/http/vqmod/xml/fast_order.xml
   id        : Free fast order
   version   : 1.0
   vqmver    : 2.1.6
   author    : RGB

File Name    : catalog/view/theme/*/template/common/header.tpl(1)
VQModObject::applyMod - SEARCH NOT FOUND (ABORTING MOD): <link rel="stylesheet" type="text/css" href="catalog/view/theme/default/stylesheet/stylesheet.css" />

----------------------------------------------------------------------


---------- Date: 2013-09-09 10:36:57 ~ IP : 178.136.129.61 ----------
REQUEST URI : /accumulators?product_id=67
MOD DETAILS:
   modFile   : /home/virtwww/w_dev-ska-com_87b8b5ee/http/vqmod/xml/fast_order.xml
   id        : Free fast order
   version   : 1.0
   vqmver    : 2.1.6
   author    : RGB

File Name    : catalog/view/theme/*/template/common/header.tpl(1)
VQModObject::applyMod - SEARCH NOT FOUND (ABORTING MOD): <link rel="stylesheet" type="text/css" href="catalog/view/theme/default/stylesheet/stylesheet.css" />

----------------------------------------------------------------------


---------- Date: 2013-09-09 10:36:59 ~ IP : 178.136.129.61 ----------
REQUEST URI : /
MOD DETAILS:
   modFile   : /home/virtwww/w_dev-ska-com_87b8b5ee/http/vqmod/xml/fast_order.xml
   id        : Free fast order
   version   : 1.0
   vqmver    : 2.1.6
   author    : RGB

File Name    : catalog/view/theme/*/template/common/header.tpl(1)
VQModObject::applyMod - SEARCH NOT FOUND (ABORTING MOD): <link rel="stylesheet" type="text/css" href="catalog/view/theme/default/stylesheet/stylesheet.css" />

----------------------------------------------------------------------


---------- Date: 2013-09-09 10:37:42 ~ IP : 178.136.129.61 ----------
REQUEST URI : /index.php?route=information/information&amp;information_id=16
MOD DETAILS:
   modFile   : /home/virtwww/w_dev-ska-com_87b8b5ee/http/vqmod/xml/fast_order.xml
   id        : Free fast order
   version   : 1.0
   vqmver    : 2.1.6
   author    : RGB

File Name    : catalog/view/theme/*/template/common/header.tpl(1)
VQModObject::applyMod - SEARCH NOT FOUND (ABORTING MOD): <link rel="stylesheet" type="text/css" href="catalog/view/theme/default/stylesheet/stylesheet.css" />

----------------------------------------------------------------------


---------- Date: 2013-09-09 10:38:24 ~ IP : 178.136.129.61 ----------
REQUEST URI : /tv
MOD DETAILS:
   modFile   : /home/virtwww/w_dev-ska-com_87b8b5ee/http/vqmod/xml/fast_order.xml
   id        : Free fast order
   version   : 1.0
   vqmver    : 2.1.6
   author    : RGB

File Name    : catalog/view/theme/*/template/common/header.tpl(1)
VQModObject::applyMod - SEARCH NOT FOUND (ABORTING MOD): <link rel="stylesheet" type="text/css" href="catalog/view/theme/default/stylesheet/stylesheet.css" />

----------------------------------------------------------------------


---------- Date: 2013-09-09 10:38:33 ~ IP : 178.136.129.61 ----------
REQUEST URI : /office_techniks/printers
MOD DETAILS:
   modFile   : /home/virtwww/w_dev-ska-com_87b8b5ee/http/vqmod/xml/fast_order.xml
   id        : Free fast order
   version   : 1.0
   vqmver    : 2.1.6
   author    : RGB

File Name    : catalog/view/theme/*/template/common/header.tpl(1)
VQModObject::applyMod - SEARCH NOT FOUND (ABORTING MOD): <link rel="stylesheet" type="text/css" href="catalog/view/theme/default/stylesheet/stylesheet.css" />

----------------------------------------------------------------------


---------- Date: 2013-09-09 10:38:38 ~ IP : 178.136.129.61 ----------
REQUEST URI : /office_techniks/mfd
MOD DETAILS:
   modFile   : /home/virtwww/w_dev-ska-com_87b8b5ee/http/vqmod/xml/fast_order.xml
   id        : Free fast order
   version   : 1.0
   vqmver    : 2.1.6
   author    : RGB

File Name    : catalog/view/theme/*/template/common/header.tpl(1)
VQModObject::applyMod - SEARCH NOT FOUND (ABORTING MOD): <link rel="stylesheet" type="text/css" href="catalog/view/theme/default/stylesheet/stylesheet.css" />

----------------------------------------------------------------------


---------- Date: 2013-09-09 10:40:18 ~ IP : 178.136.129.61 ----------
REQUEST URI : /index.php?route=common/home
MOD DETAILS:
   modFile   : /home/virtwww/w_dev-ska-com_87b8b5ee/http/vqmod/xml/fast_order.xml
   id        : Free fast order
   version   : 1.0
   vqmver    : 2.1.6
   author    : RGB

File Name    : catalog/view/theme/*/template/common/header.tpl(1)
VQModObject::applyMod - SEARCH NOT FOUND (ABORTING MOD): <link rel="stylesheet" type="text/css" href="catalog/view/theme/default/stylesheet/stylesheet.css" />

----------------------------------------------------------------------


---------- Date: 2013-09-09 10:40:50 ~ IP : 178.136.129.61 ----------
REQUEST URI : /office_techniks/copiers
MOD DETAILS:
   modFile   : /home/virtwww/w_dev-ska-com_87b8b5ee/http/vqmod/xml/fast_order.xml
   id        : Free fast order
   version   : 1.0
   vqmver    : 2.1.6
   author    : RGB

File Name    : catalog/view/theme/*/template/common/header.tpl(1)
VQModObject::applyMod - SEARCH NOT FOUND (ABORTING MOD): <link rel="stylesheet" type="text/css" href="catalog/view/theme/default/stylesheet/stylesheet.css" />

----------------------------------------------------------------------


---------- Date: 2013-09-09 11:48:56 ~ IP : 178.136.129.61 ----------
REQUEST URI : /index.php?route=information/information&amp;information_id=9
MOD DETAILS:
   modFile   : /home/virtwww/w_dev-ska-com_87b8b5ee/http/vqmod/xml/fast_order.xml
   id        : Free fast order
   version   : 1.0
   vqmver    : 2.1.6
   author    : RGB

File Name    : catalog/view/theme/*/template/common/header.tpl(1)
VQModObject::applyMod - SEARCH NOT FOUND (ABORTING MOD): <link rel="stylesheet" type="text/css" href="catalog/view/theme/default/stylesheet/stylesheet.css" />

----------------------------------------------------------------------


---------- Date: 2013-09-09 11:49:07 ~ IP : 178.136.129.61 ----------
REQUEST URI : /index.php?route=common/home
MOD DETAILS:
   modFile   : /home/virtwww/w_dev-ska-com_87b8b5ee/http/vqmod/xml/fast_order.xml
   id        : Free fast order
   version   : 1.0
   vqmver    : 2.1.6
   author    : RGB

File Name    : catalog/view/theme/*/template/common/header.tpl(1)
VQModObject::applyMod - SEARCH NOT FOUND (ABORTING MOD): <link rel="stylesheet" type="text/css" href="catalog/view/theme/default/stylesheet/stylesheet.css" />

----------------------------------------------------------------------


---------- Date: 2013-09-09 11:49:56 ~ IP : 178.136.129.61 ----------
REQUEST URI : /
MOD DETAILS:
   modFile   : /home/virtwww/w_dev-ska-com_87b8b5ee/http/vqmod/xml/fast_order.xml
   id        : Free fast order
   version   : 1.0
   vqmver    : 2.1.6
   author    : RGB

File Name    : catalog/view/theme/*/template/common/header.tpl(1)
VQModObject::applyMod - SEARCH NOT FOUND (ABORTING MOD): <link rel="stylesheet" type="text/css" href="catalog/view/theme/default/stylesheet/stylesheet.css" />

----------------------------------------------------------------------


---------- Date: 2013-09-09 11:51:45 ~ IP : 178.136.129.61 ----------
REQUEST URI : /index.php?route=account/login
MOD DETAILS:
   modFile   : /home/virtwww/w_dev-ska-com_87b8b5ee/http/vqmod/xml/fast_order.xml
   id        : Free fast order
   version   : 1.0
   vqmver    : 2.1.6
   author    : RGB

File Name    : catalog/view/theme/*/template/common/header.tpl(1)
VQModObject::applyMod - SEARCH NOT FOUND (ABORTING MOD): <link rel="stylesheet" type="text/css" href="catalog/view/theme/default/stylesheet/stylesheet.css" />

----------------------------------------------------------------------


---------- Date: 2013-09-09 11:57:52 ~ IP : 178.136.129.61 ----------
REQUEST URI : /index.php?route=product/product&amp;product_id=83
MOD DETAILS:
   modFile   : /home/virtwww/w_dev-ska-com_87b8b5ee/http/vqmod/xml/fast_order.xml
   id        : Free fast order
   version   : 1.0
   vqmver    : 2.1.6
   author    : RGB

File Name    : catalog/view/theme/*/template/common/header.tpl(1)
VQModObject::applyMod - SEARCH NOT FOUND (ABORTING MOD): <link rel="stylesheet" type="text/css" href="catalog/view/theme/default/stylesheet/stylesheet.css" />

----------------------------------------------------------------------


---------- Date: 2013-09-09 11:57:54 ~ IP : 178.136.129.61 ----------
REQUEST URI : /
MOD DETAILS:
   modFile   : /home/virtwww/w_dev-ska-com_87b8b5ee/http/vqmod/xml/fast_order.xml
   id        : Free fast order
   version   : 1.0
   vqmver    : 2.1.6
   author    : RGB

File Name    : catalog/view/theme/*/template/common/header.tpl(1)
VQModObject::applyMod - SEARCH NOT FOUND (ABORTING MOD): <link rel="stylesheet" type="text/css" href="catalog/view/theme/default/stylesheet/stylesheet.css" />

----------------------------------------------------------------------


---------- Date: 2013-09-09 11:58:16 ~ IP : 178.136.129.61 ----------
REQUEST URI : /index.php?route=product/compare
MOD DETAILS:
   modFile   : /home/virtwww/w_dev-ska-com_87b8b5ee/http/vqmod/xml/fast_order.xml
   id        : Free fast order
   version   : 1.0
   vqmver    : 2.1.6
   author    : RGB

File Name    : catalog/view/theme/*/template/common/header.tpl(1)
VQModObject::applyMod - SEARCH NOT FOUND (ABORTING MOD): <link rel="stylesheet" type="text/css" href="catalog/view/theme/default/stylesheet/stylesheet.css" />

----------------------------------------------------------------------


---------- Date: 2013-09-09 11:58:24 ~ IP : 178.136.129.61 ----------
REQUEST URI : /index.php?route=product/compare
MOD DETAILS:
   modFile   : /home/virtwww/w_dev-ska-com_87b8b5ee/http/vqmod/xml/fast_order.xml
   id        : Free fast order
   version   : 1.0
   vqmver    : 2.1.6
   author    : RGB

File Name    : catalog/view/theme/*/template/common/header.tpl(1)
VQModObject::applyMod - SEARCH NOT FOUND (ABORTING MOD): <link rel="stylesheet" type="text/css" href="catalog/view/theme/default/stylesheet/stylesheet.css" />

----------------------------------------------------------------------


---------- Date: 2013-09-09 12:05:41 ~ IP : 178.136.129.61 ----------
REQUEST URI : /index.php?route=product/compare
MOD DETAILS:
   modFile   : /home/virtwww/w_dev-ska-com_87b8b5ee/http/vqmod/xml/fast_order.xml
   id        : Free fast order
   version   : 1.0
   vqmver    : 2.1.6
   author    : RGB

File Name    : catalog/view/theme/*/template/common/header.tpl(1)
VQModObject::applyMod - SEARCH NOT FOUND (ABORTING MOD): <link rel="stylesheet" type="text/css" href="catalog/view/theme/default/stylesheet/stylesheet.css" />

----------------------------------------------------------------------


---------- Date: 2013-09-09 12:06:46 ~ IP : 178.136.129.61 ----------
REQUEST URI : /index.php?route=product/category&amp;path=59
MOD DETAILS:
   modFile   : /home/virtwww/w_dev-ska-com_87b8b5ee/http/vqmod/xml/fast_order.xml
   id        : Free fast order
   version   : 1.0
   vqmver    : 2.1.6
   author    : RGB

File Name    : catalog/view/theme/*/template/common/header.tpl(1)
VQModObject::applyMod - SEARCH NOT FOUND (ABORTING MOD): <link rel="stylesheet" type="text/css" href="catalog/view/theme/default/stylesheet/stylesheet.css" />

----------------------------------------------------------------------


---------- Date: 2013-09-09 12:06:50 ~ IP : 178.136.129.61 ----------
REQUEST URI : /accumulators
MOD DETAILS:
   modFile   : /home/virtwww/w_dev-ska-com_87b8b5ee/http/vqmod/xml/fast_order.xml
   id        : Free fast order
   version   : 1.0
   vqmver    : 2.1.6
   author    : RGB

File Name    : catalog/view/theme/*/template/common/header.tpl(1)
VQModObject::applyMod - SEARCH NOT FOUND (ABORTING MOD): <link rel="stylesheet" type="text/css" href="catalog/view/theme/default/stylesheet/stylesheet.css" />

----------------------------------------------------------------------


---------- Date: 2013-09-09 12:14:50 ~ IP : 46.98.53.103 ----------
REQUEST URI : /
MOD DETAILS:
   modFile   : /home/virtwww/w_dev-ska-com_87b8b5ee/http/vqmod/xml/fast_order.xml
   id        : Free fast order
   version   : 1.0
   vqmver    : 2.1.6
   author    : RGB

File Name    : catalog/view/theme/*/template/common/header.tpl(1)
VQModObject::applyMod - SEARCH NOT FOUND (ABORTING MOD): <link rel="stylesheet" type="text/css" href="catalog/view/theme/default/stylesheet/stylesheet.css" />

----------------------------------------------------------------------


---------- Date: 2013-09-09 12:15:23 ~ IP : 178.136.129.61 ----------
REQUEST URI : /accumulators?product_id=67
MOD DETAILS:
   modFile   : /home/virtwww/w_dev-ska-com_87b8b5ee/http/vqmod/xml/fast_order.xml
   id        : Free fast order
   version   : 1.0
   vqmver    : 2.1.6
   author    : RGB

File Name    : catalog/view/theme/*/template/common/header.tpl(1)
VQModObject::applyMod - SEARCH NOT FOUND (ABORTING MOD): <link rel="stylesheet" type="text/css" href="catalog/view/theme/default/stylesheet/stylesheet.css" />

----------------------------------------------------------------------


---------- Date: 2013-09-09 12:15:24 ~ IP : 178.136.129.61 ----------
REQUEST URI : /
MOD DETAILS:
   modFile   : /home/virtwww/w_dev-ska-com_87b8b5ee/http/vqmod/xml/fast_order.xml
   id        : Free fast order
   version   : 1.0
   vqmver    : 2.1.6
   author    : RGB

File Name    : catalog/view/theme/*/template/common/header.tpl(1)
VQModObject::applyMod - SEARCH NOT FOUND (ABORTING MOD): <link rel="stylesheet" type="text/css" href="catalog/view/theme/default/stylesheet/stylesheet.css" />

----------------------------------------------------------------------


---------- Date: 2013-09-09 12:15:25 ~ IP : 178.136.129.61 ----------
REQUEST URI : /
MOD DETAILS:
   modFile   : /home/virtwww/w_dev-ska-com_87b8b5ee/http/vqmod/xml/fast_order.xml
   id        : Free fast order
   version   : 1.0
   vqmver    : 2.1.6
   author    : RGB

File Name    : catalog/view/theme/*/template/common/header.tpl(1)
VQModObject::applyMod - SEARCH NOT FOUND (ABORTING MOD): <link rel="stylesheet" type="text/css" href="catalog/view/theme/default/stylesheet/stylesheet.css" />

----------------------------------------------------------------------


---------- Date: 2013-09-09 12:22:06 ~ IP : 46.98.53.103 ----------
REQUEST URI : /
MOD DETAILS:
   modFile   : /home/virtwww/w_dev-ska-com_87b8b5ee/http/vqmod/xml/fast_order.xml
   id        : Free fast order
   version   : 1.0
   vqmver    : 2.1.6
   author    : RGB

File Name    : catalog/view/theme/*/template/common/header.tpl(1)
VQModObject::applyMod - SEARCH NOT FOUND (ABORTING MOD): <link rel="stylesheet" type="text/css" href="catalog/view/theme/default/stylesheet/stylesheet.css" />

----------------------------------------------------------------------


---------- Date: 2013-09-09 12:22:56 ~ IP : 46.98.53.103 ----------
REQUEST URI : /
MOD DETAILS:
   modFile   : /home/virtwww/w_dev-ska-com_87b8b5ee/http/vqmod/xml/fast_order.xml
   id        : Free fast order
   version   : 1.0
   vqmver    : 2.1.6
   author    : RGB

File Name    : catalog/view/theme/*/template/common/header.tpl(1)
VQModObject::applyMod - SEARCH NOT FOUND (ABORTING MOD): <link rel="stylesheet" type="text/css" href="catalog/view/theme/default/stylesheet/stylesheet.css" />

----------------------------------------------------------------------


---------- Date: 2013-09-09 12:23:01 ~ IP : 46.98.53.103 ----------
REQUEST URI : /
MOD DETAILS:
   modFile   : /home/virtwww/w_dev-ska-com_87b8b5ee/http/vqmod/xml/fast_order.xml
   id        : Free fast order
   version   : 1.0
   vqmver    : 2.1.6
   author    : RGB

File Name    : catalog/view/theme/*/template/common/header.tpl(1)
VQModObject::applyMod - SEARCH NOT FOUND (ABORTING MOD): <link rel="stylesheet" type="text/css" href="catalog/view/theme/default/stylesheet/stylesheet.css" />

----------------------------------------------------------------------


---------- Date: 2013-09-09 12:23:03 ~ IP : 178.136.129.61 ----------
REQUEST URI : /index.php?route=information/information&amp;information_id=18
MOD DETAILS:
   modFile   : /home/virtwww/w_dev-ska-com_87b8b5ee/http/vqmod/xml/fast_order.xml
   id        : Free fast order
   version   : 1.0
   vqmver    : 2.1.6
   author    : RGB

File Name    : catalog/view/theme/*/template/common/header.tpl(1)
VQModObject::applyMod - SEARCH NOT FOUND (ABORTING MOD): <link rel="stylesheet" type="text/css" href="catalog/view/theme/default/stylesheet/stylesheet.css" />

----------------------------------------------------------------------


---------- Date: 2013-09-09 12:23:06 ~ IP : 46.98.53.103 ----------
REQUEST URI : /
MOD DETAILS:
   modFile   : /home/virtwww/w_dev-ska-com_87b8b5ee/http/vqmod/xml/fast_order.xml
   id        : Free fast order
   version   : 1.0
   vqmver    : 2.1.6
   author    : RGB

File Name    : catalog/view/theme/*/template/common/header.tpl(1)
VQModObject::applyMod - SEARCH NOT FOUND (ABORTING MOD): <link rel="stylesheet" type="text/css" href="catalog/view/theme/default/stylesheet/stylesheet.css" />

----------------------------------------------------------------------


---------- Date: 2013-09-09 12:23:39 ~ IP : 46.98.53.103 ----------
REQUEST URI : /
MOD DETAILS:
   modFile   : /home/virtwww/w_dev-ska-com_87b8b5ee/http/vqmod/xml/fast_order.xml
   id        : Free fast order
   version   : 1.0
   vqmver    : 2.1.6
   author    : RGB

File Name    : catalog/view/theme/*/template/common/header.tpl(1)
VQModObject::applyMod - SEARCH NOT FOUND (ABORTING MOD): <link rel="stylesheet" type="text/css" href="catalog/view/theme/default/stylesheet/stylesheet.css" />

----------------------------------------------------------------------


---------- Date: 2013-09-09 12:23:47 ~ IP : 46.98.53.103 ----------
REQUEST URI : /index.php?route=information/information&amp;information_id=20
MOD DETAILS:
   modFile   : /home/virtwww/w_dev-ska-com_87b8b5ee/http/vqmod/xml/fast_order.xml
   id        : Free fast order
   version   : 1.0
   vqmver    : 2.1.6
   author    : RGB

File Name    : catalog/view/theme/*/template/common/header.tpl(1)
VQModObject::applyMod - SEARCH NOT FOUND (ABORTING MOD): <link rel="stylesheet" type="text/css" href="catalog/view/theme/default/stylesheet/stylesheet.css" />

----------------------------------------------------------------------


---------- Date: 2013-09-09 12:23:48 ~ IP : 46.98.53.103 ----------
REQUEST URI : /
MOD DETAILS:
   modFile   : /home/virtwww/w_dev-ska-com_87b8b5ee/http/vqmod/xml/fast_order.xml
   id        : Free fast order
   version   : 1.0
   vqmver    : 2.1.6
   author    : RGB

File Name    : catalog/view/theme/*/template/common/header.tpl(1)
VQModObject::applyMod - SEARCH NOT FOUND (ABORTING MOD): <link rel="stylesheet" type="text/css" href="catalog/view/theme/default/stylesheet/stylesheet.css" />

----------------------------------------------------------------------


---------- Date: 2013-09-09 12:24:00 ~ IP : 178.136.129.61 ----------
REQUEST URI : /index.php?route=information/information&amp;information_id=18
MOD DETAILS:
   modFile   : /home/virtwww/w_dev-ska-com_87b8b5ee/http/vqmod/xml/fast_order.xml
   id        : Free fast order
   version   : 1.0
   vqmver    : 2.1.6
   author    : RGB

File Name    : catalog/view/theme/*/template/common/header.tpl(1)
VQModObject::applyMod - SEARCH NOT FOUND (ABORTING MOD): <link rel="stylesheet" type="text/css" href="catalog/view/theme/default/stylesheet/stylesheet.css" />

----------------------------------------------------------------------


---------- Date: 2013-09-09 12:24:08 ~ IP : 178.136.129.61 ----------
REQUEST URI : /index.php?route=information/information&amp;information_id=20
MOD DETAILS:
   modFile   : /home/virtwww/w_dev-ska-com_87b8b5ee/http/vqmod/xml/fast_order.xml
   id        : Free fast order
   version   : 1.0
   vqmver    : 2.1.6
   author    : RGB

File Name    : catalog/view/theme/*/template/common/header.tpl(1)
VQModObject::applyMod - SEARCH NOT FOUND (ABORTING MOD): <link rel="stylesheet" type="text/css" href="catalog/view/theme/default/stylesheet/stylesheet.css" />

----------------------------------------------------------------------


---------- Date: 2013-09-09 12:26:47 ~ IP : 46.98.53.103 ----------
REQUEST URI : /index.php?route=common/home
MOD DETAILS:
   modFile   : /home/virtwww/w_dev-ska-com_87b8b5ee/http/vqmod/xml/fast_order.xml
   id        : Free fast order
   version   : 1.0
   vqmver    : 2.1.6
   author    : RGB

File Name    : catalog/view/theme/*/template/common/header.tpl(1)
VQModObject::applyMod - SEARCH NOT FOUND (ABORTING MOD): <link rel="stylesheet" type="text/css" href="catalog/view/theme/default/stylesheet/stylesheet.css" />

----------------------------------------------------------------------


---------- Date: 2013-09-09 12:26:48 ~ IP : 46.98.53.103 ----------
REQUEST URI : /
MOD DETAILS:
   modFile   : /home/virtwww/w_dev-ska-com_87b8b5ee/http/vqmod/xml/fast_order.xml
   id        : Free fast order
   version   : 1.0
   vqmver    : 2.1.6
   author    : RGB

File Name    : catalog/view/theme/*/template/common/header.tpl(1)
VQModObject::applyMod - SEARCH NOT FOUND (ABORTING MOD): <link rel="stylesheet" type="text/css" href="catalog/view/theme/default/stylesheet/stylesheet.css" />

----------------------------------------------------------------------


---------- Date: 2013-09-09 12:26:51 ~ IP : 46.98.53.103 ----------
REQUEST URI : /index.php?route=common/home
MOD DETAILS:
   modFile   : /home/virtwww/w_dev-ska-com_87b8b5ee/http/vqmod/xml/fast_order.xml
   id        : Free fast order
   version   : 1.0
   vqmver    : 2.1.6
   author    : RGB

File Name    : catalog/view/theme/*/template/common/header.tpl(1)
VQModObject::applyMod - SEARCH NOT FOUND (ABORTING MOD): <link rel="stylesheet" type="text/css" href="catalog/view/theme/default/stylesheet/stylesheet.css" />

----------------------------------------------------------------------


---------- Date: 2013-09-09 12:26:52 ~ IP : 46.98.53.103 ----------
REQUEST URI : /
MOD DETAILS:
   modFile   : /home/virtwww/w_dev-ska-com_87b8b5ee/http/vqmod/xml/fast_order.xml
   id        : Free fast order
   version   : 1.0
   vqmver    : 2.1.6
   author    : RGB

File Name    : catalog/view/theme/*/template/common/header.tpl(1)
VQModObject::applyMod - SEARCH NOT FOUND (ABORTING MOD): <link rel="stylesheet" type="text/css" href="catalog/view/theme/default/stylesheet/stylesheet.css" />

----------------------------------------------------------------------


---------- Date: 2013-09-09 12:28:36 ~ IP : 178.136.129.61 ----------
REQUEST URI : /index.php?route=common/home
MOD DETAILS:
   modFile   : /home/virtwww/w_dev-ska-com_87b8b5ee/http/vqmod/xml/fast_order.xml
   id        : Free fast order
   version   : 1.0
   vqmver    : 2.1.6
   author    : RGB

File Name    : catalog/view/theme/*/template/common/header.tpl(1)
VQModObject::applyMod - SEARCH NOT FOUND (ABORTING MOD): <link rel="stylesheet" type="text/css" href="catalog/view/theme/default/stylesheet/stylesheet.css" />

----------------------------------------------------------------------


---------- Date: 2013-09-09 12:28:46 ~ IP : 178.136.129.61 ----------
REQUEST URI : /index.php?route=information/information&amp;information_id=20
MOD DETAILS:
   modFile   : /home/virtwww/w_dev-ska-com_87b8b5ee/http/vqmod/xml/fast_order.xml
   id        : Free fast order
   version   : 1.0
   vqmver    : 2.1.6
   author    : RGB

File Name    : catalog/view/theme/*/template/common/header.tpl(1)
VQModObject::applyMod - SEARCH NOT FOUND (ABORTING MOD): <link rel="stylesheet" type="text/css" href="catalog/view/theme/default/stylesheet/stylesheet.css" />

----------------------------------------------------------------------


---------- Date: 2013-09-09 12:30:03 ~ IP : 178.136.129.61 ----------
REQUEST URI : /index.php?route=information/information&amp;information_id=15
MOD DETAILS:
   modFile   : /home/virtwww/w_dev-ska-com_87b8b5ee/http/vqmod/xml/fast_order.xml
   id        : Free fast order
   version   : 1.0
   vqmver    : 2.1.6
   author    : RGB

File Name    : catalog/view/theme/*/template/common/header.tpl(1)
VQModObject::applyMod - SEARCH NOT FOUND (ABORTING MOD): <link rel="stylesheet" type="text/css" href="catalog/view/theme/default/stylesheet/stylesheet.css" />

----------------------------------------------------------------------


---------- Date: 2013-09-09 12:30:14 ~ IP : 178.136.129.61 ----------
REQUEST URI : /index.php?route=common/home
MOD DETAILS:
   modFile   : /home/virtwww/w_dev-ska-com_87b8b5ee/http/vqmod/xml/fast_order.xml
   id        : Free fast order
   version   : 1.0
   vqmver    : 2.1.6
   author    : RGB

File Name    : catalog/view/theme/*/template/common/header.tpl(1)
VQModObject::applyMod - SEARCH NOT FOUND (ABORTING MOD): <link rel="stylesheet" type="text/css" href="catalog/view/theme/default/stylesheet/stylesheet.css" />

----------------------------------------------------------------------


---------- Date: 2013-09-09 12:54:31 ~ IP : 178.136.129.61 ----------
REQUEST URI : /index.php?route=common/home
MOD DETAILS:
   modFile   : /home/virtwww/w_dev-ska-com_87b8b5ee/http/vqmod/xml/fast_order.xml
   id        : Free fast order
   version   : 1.0
   vqmver    : 2.1.6
   author    : RGB

File Name    : catalog/view/theme/*/template/common/header.tpl(1)
VQModObject::applyMod - SEARCH NOT FOUND (ABORTING MOD): <link rel="stylesheet" type="text/css" href="catalog/view/theme/default/stylesheet/stylesheet.css" />

----------------------------------------------------------------------


---------- Date: 2013-09-09 12:54:41 ~ IP : 178.136.129.61 ----------
REQUEST URI : /index.php?route=information/information&amp;information_id=20
MOD DETAILS:
   modFile   : /home/virtwww/w_dev-ska-com_87b8b5ee/http/vqmod/xml/fast_order.xml
   id        : Free fast order
   version   : 1.0
   vqmver    : 2.1.6
   author    : RGB

File Name    : catalog/view/theme/*/template/common/header.tpl(1)
VQModObject::applyMod - SEARCH NOT FOUND (ABORTING MOD): <link rel="stylesheet" type="text/css" href="catalog/view/theme/default/stylesheet/stylesheet.css" />

----------------------------------------------------------------------


---------- Date: 2013-09-09 12:55:21 ~ IP : 178.136.129.61 ----------
REQUEST URI : /index.php?route=information/information&amp;information_id=7
MOD DETAILS:
   modFile   : /home/virtwww/w_dev-ska-com_87b8b5ee/http/vqmod/xml/fast_order.xml
   id        : Free fast order
   version   : 1.0
   vqmver    : 2.1.6
   author    : RGB

File Name    : catalog/view/theme/*/template/common/header.tpl(1)
VQModObject::applyMod - SEARCH NOT FOUND (ABORTING MOD): <link rel="stylesheet" type="text/css" href="catalog/view/theme/default/stylesheet/stylesheet.css" />

----------------------------------------------------------------------


---------- Date: 2013-09-09 12:55:37 ~ IP : 178.136.129.61 ----------
REQUEST URI : /index.php?route=common/home
MOD DETAILS:
   modFile   : /home/virtwww/w_dev-ska-com_87b8b5ee/http/vqmod/xml/fast_order.xml
   id        : Free fast order
   version   : 1.0
   vqmver    : 2.1.6
   author    : RGB

File Name    : catalog/view/theme/*/template/common/header.tpl(1)
VQModObject::applyMod - SEARCH NOT FOUND (ABORTING MOD): <link rel="stylesheet" type="text/css" href="catalog/view/theme/default/stylesheet/stylesheet.css" />

----------------------------------------------------------------------


---------- Date: 2013-09-09 12:55:45 ~ IP : 178.136.129.61 ----------
REQUEST URI : /index.php?route=information/information&amp;information_id=7
MOD DETAILS:
   modFile   : /home/virtwww/w_dev-ska-com_87b8b5ee/http/vqmod/xml/fast_order.xml
   id        : Free fast order
   version   : 1.0
   vqmver    : 2.1.6
   author    : RGB

File Name    : catalog/view/theme/*/template/common/header.tpl(1)
VQModObject::applyMod - SEARCH NOT FOUND (ABORTING MOD): <link rel="stylesheet" type="text/css" href="catalog/view/theme/default/stylesheet/stylesheet.css" />

----------------------------------------------------------------------


---------- Date: 2013-09-09 12:56:26 ~ IP : 178.136.129.61 ----------
REQUEST URI : /index.php?route=information/contact
MOD DETAILS:
   modFile   : /home/virtwww/w_dev-ska-com_87b8b5ee/http/vqmod/xml/fast_order.xml
   id        : Free fast order
   version   : 1.0
   vqmver    : 2.1.6
   author    : RGB

File Name    : catalog/view/theme/*/template/common/header.tpl(1)
VQModObject::applyMod - SEARCH NOT FOUND (ABORTING MOD): <link rel="stylesheet" type="text/css" href="catalog/view/theme/default/stylesheet/stylesheet.css" />

----------------------------------------------------------------------


---------- Date: 2013-09-09 12:56:50 ~ IP : 178.136.129.61 ----------
REQUEST URI : /index.php?route=product/manufacturer
MOD DETAILS:
   modFile   : /home/virtwww/w_dev-ska-com_87b8b5ee/http/vqmod/xml/fast_order.xml
   id        : Free fast order
   version   : 1.0
   vqmver    : 2.1.6
   author    : RGB

File Name    : catalog/view/theme/*/template/common/header.tpl(1)
VQModObject::applyMod - SEARCH NOT FOUND (ABORTING MOD): <link rel="stylesheet" type="text/css" href="catalog/view/theme/default/stylesheet/stylesheet.css" />

----------------------------------------------------------------------


---------- Date: 2013-09-09 12:56:54 ~ IP : 178.136.129.61 ----------
REQUEST URI : /index.php?route=information/sitemap
MOD DETAILS:
   modFile   : /home/virtwww/w_dev-ska-com_87b8b5ee/http/vqmod/xml/fast_order.xml
   id        : Free fast order
   version   : 1.0
   vqmver    : 2.1.6
   author    : RGB

File Name    : catalog/view/theme/*/template/common/header.tpl(1)
VQModObject::applyMod - SEARCH NOT FOUND (ABORTING MOD): <link rel="stylesheet" type="text/css" href="catalog/view/theme/default/stylesheet/stylesheet.css" />

----------------------------------------------------------------------


---------- Date: 2013-09-09 12:57:00 ~ IP : 178.136.129.61 ----------
REQUEST URI : /index.php?route=information/information&amp;information_id=20
MOD DETAILS:
   modFile   : /home/virtwww/w_dev-ska-com_87b8b5ee/http/vqmod/xml/fast_order.xml
   id        : Free fast order
   version   : 1.0
   vqmver    : 2.1.6
   author    : RGB

File Name    : catalog/view/theme/*/template/common/header.tpl(1)
VQModObject::applyMod - SEARCH NOT FOUND (ABORTING MOD): <link rel="stylesheet" type="text/css" href="catalog/view/theme/default/stylesheet/stylesheet.css" />

----------------------------------------------------------------------


---------- Date: 2013-09-09 12:57:03 ~ IP : 178.136.129.61 ----------
REQUEST URI : /index.php?route=information/information&amp;information_id=12
MOD DETAILS:
   modFile   : /home/virtwww/w_dev-ska-com_87b8b5ee/http/vqmod/xml/fast_order.xml
   id        : Free fast order
   version   : 1.0
   vqmver    : 2.1.6
   author    : RGB

File Name    : catalog/view/theme/*/template/common/header.tpl(1)
VQModObject::applyMod - SEARCH NOT FOUND (ABORTING MOD): <link rel="stylesheet" type="text/css" href="catalog/view/theme/default/stylesheet/stylesheet.css" />

----------------------------------------------------------------------


---------- Date: 2013-09-09 12:58:14 ~ IP : 178.136.129.61 ----------
REQUEST URI : /index.php?route=information/information&amp;information_id=13
MOD DETAILS:
   modFile   : /home/virtwww/w_dev-ska-com_87b8b5ee/http/vqmod/xml/fast_order.xml
   id        : Free fast order
   version   : 1.0
   vqmver    : 2.1.6
   author    : RGB

File Name    : catalog/view/theme/*/template/common/header.tpl(1)
VQModObject::applyMod - SEARCH NOT FOUND (ABORTING MOD): <link rel="stylesheet" type="text/css" href="catalog/view/theme/default/stylesheet/stylesheet.css" />

----------------------------------------------------------------------


---------- Date: 2013-09-09 12:58:25 ~ IP : 178.136.129.61 ----------
REQUEST URI : /index.php?route=information/information&amp;information_id=14
MOD DETAILS:
   modFile   : /home/virtwww/w_dev-ska-com_87b8b5ee/http/vqmod/xml/fast_order.xml
   id        : Free fast order
   version   : 1.0
   vqmver    : 2.1.6
   author    : RGB

File Name    : catalog/view/theme/*/template/common/header.tpl(1)
VQModObject::applyMod - SEARCH NOT FOUND (ABORTING MOD): <link rel="stylesheet" type="text/css" href="catalog/view/theme/default/stylesheet/stylesheet.css" />

----------------------------------------------------------------------


---------- Date: 2013-09-09 12:58:37 ~ IP : 178.136.129.61 ----------
REQUEST URI : /index.php?route=information/information&amp;information_id=15
MOD DETAILS:
   modFile   : /home/virtwww/w_dev-ska-com_87b8b5ee/http/vqmod/xml/fast_order.xml
   id        : Free fast order
   version   : 1.0
   vqmver    : 2.1.6
   author    : RGB

File Name    : catalog/view/theme/*/template/common/header.tpl(1)
VQModObject::applyMod - SEARCH NOT FOUND (ABORTING MOD): <link rel="stylesheet" type="text/css" href="catalog/view/theme/default/stylesheet/stylesheet.css" />

----------------------------------------------------------------------


---------- Date: 2013-09-09 12:58:42 ~ IP : 178.136.129.61 ----------
REQUEST URI : /index.php?route=account/account
MOD DETAILS:
   modFile   : /home/virtwww/w_dev-ska-com_87b8b5ee/http/vqmod/xml/fast_order.xml
   id        : Free fast order
   version   : 1.0
   vqmver    : 2.1.6
   author    : RGB

File Name    : catalog/view/theme/*/template/common/header.tpl(1)
VQModObject::applyMod - SEARCH NOT FOUND (ABORTING MOD): <link rel="stylesheet" type="text/css" href="catalog/view/theme/default/stylesheet/stylesheet.css" />

----------------------------------------------------------------------


---------- Date: 2013-09-09 12:58:46 ~ IP : 178.136.129.61 ----------
REQUEST URI : /index.php?route=account/edit
MOD DETAILS:
   modFile   : /home/virtwww/w_dev-ska-com_87b8b5ee/http/vqmod/xml/fast_order.xml
   id        : Free fast order
   version   : 1.0
   vqmver    : 2.1.6
   author    : RGB

File Name    : catalog/view/theme/*/template/common/header.tpl(1)
VQModObject::applyMod - SEARCH NOT FOUND (ABORTING MOD): <link rel="stylesheet" type="text/css" href="catalog/view/theme/default/stylesheet/stylesheet.css" />

----------------------------------------------------------------------


---------- Date: 2013-09-09 12:59:03 ~ IP : 178.136.129.61 ----------
REQUEST URI : /index.php?route=account/account
MOD DETAILS:
   modFile   : /home/virtwww/w_dev-ska-com_87b8b5ee/http/vqmod/xml/fast_order.xml
   id        : Free fast order
   version   : 1.0
   vqmver    : 2.1.6
   author    : RGB

File Name    : catalog/view/theme/*/template/common/header.tpl(1)
VQModObject::applyMod - SEARCH NOT FOUND (ABORTING MOD): <link rel="stylesheet" type="text/css" href="catalog/view/theme/default/stylesheet/stylesheet.css" />

----------------------------------------------------------------------


---------- Date: 2013-09-09 13:00:40 ~ IP : 178.136.129.61 ----------
REQUEST URI : /camcorers
MOD DETAILS:
   modFile   : /home/virtwww/w_dev-ska-com_87b8b5ee/http/vqmod/xml/fast_order.xml
   id        : Free fast order
   version   : 1.0
   vqmver    : 2.1.6
   author    : RGB

File Name    : catalog/view/theme/*/template/common/header.tpl(1)
VQModObject::applyMod - SEARCH NOT FOUND (ABORTING MOD): <link rel="stylesheet" type="text/css" href="catalog/view/theme/default/stylesheet/stylesheet.css" />

----------------------------------------------------------------------


---------- Date: 2013-09-09 13:03:25 ~ IP : 178.136.129.61 ----------
REQUEST URI : /index.php?route=account/wishlist
MOD DETAILS:
   modFile   : /home/virtwww/w_dev-ska-com_87b8b5ee/http/vqmod/xml/fast_order.xml
   id        : Free fast order
   version   : 1.0
   vqmver    : 2.1.6
   author    : RGB

File Name    : catalog/view/theme/*/template/common/header.tpl(1)
VQModObject::applyMod - SEARCH NOT FOUND (ABORTING MOD): <link rel="stylesheet" type="text/css" href="catalog/view/theme/default/stylesheet/stylesheet.css" />

----------------------------------------------------------------------


---------- Date: 2013-09-09 13:03:30 ~ IP : 178.136.129.61 ----------
REQUEST URI : /index.php?route=account/newsletter
MOD DETAILS:
   modFile   : /home/virtwww/w_dev-ska-com_87b8b5ee/http/vqmod/xml/fast_order.xml
   id        : Free fast order
   version   : 1.0
   vqmver    : 2.1.6
   author    : RGB

File Name    : catalog/view/theme/*/template/common/header.tpl(1)
VQModObject::applyMod - SEARCH NOT FOUND (ABORTING MOD): <link rel="stylesheet" type="text/css" href="catalog/view/theme/default/stylesheet/stylesheet.css" />

----------------------------------------------------------------------


---------- Date: 2013-09-09 13:03:36 ~ IP : 178.136.129.61 ----------
REQUEST URI : /index.php?route=account/account
MOD DETAILS:
   modFile   : /home/virtwww/w_dev-ska-com_87b8b5ee/http/vqmod/xml/fast_order.xml
   id        : Free fast order
   version   : 1.0
   vqmver    : 2.1.6
   author    : RGB

File Name    : catalog/view/theme/*/template/common/header.tpl(1)
VQModObject::applyMod - SEARCH NOT FOUND (ABORTING MOD): <link rel="stylesheet" type="text/css" href="catalog/view/theme/default/stylesheet/stylesheet.css" />

----------------------------------------------------------------------


---------- Date: 2013-09-09 13:03:40 ~ IP : 178.136.129.61 ----------
REQUEST URI : /index.php?route=product/category&amp;path=59
MOD DETAILS:
   modFile   : /home/virtwww/w_dev-ska-com_87b8b5ee/http/vqmod/xml/fast_order.xml
   id        : Free fast order
   version   : 1.0
   vqmver    : 2.1.6
   author    : RGB

File Name    : catalog/view/theme/*/template/common/header.tpl(1)
VQModObject::applyMod - SEARCH NOT FOUND (ABORTING MOD): <link rel="stylesheet" type="text/css" href="catalog/view/theme/default/stylesheet/stylesheet.css" />

----------------------------------------------------------------------


---------- Date: 2013-09-09 13:09:56 ~ IP : 178.136.129.61 ----------
REQUEST URI : /index.php?route=common/home
MOD DETAILS:
   modFile   : /home/virtwww/w_dev-ska-com_87b8b5ee/http/vqmod/xml/fast_order.xml
   id        : Free fast order
   version   : 1.0
   vqmver    : 2.1.6
   author    : RGB

File Name    : catalog/view/theme/*/template/common/header.tpl(1)
VQModObject::applyMod - SEARCH NOT FOUND (ABORTING MOD): <link rel="stylesheet" type="text/css" href="catalog/view/theme/default/stylesheet/stylesheet.css" />

----------------------------------------------------------------------


---------- Date: 2013-09-09 14:13:26 ~ IP : 178.136.129.61 ----------
REQUEST URI : /
MOD DETAILS:
   modFile   : /home/virtwww/w_dev-ska-com_87b8b5ee/http/vqmod/xml/fast_order.xml
   id        : Free fast order
   version   : 1.0
   vqmver    : 2.1.6
   author    : RGB

File Name    : catalog/view/theme/*/template/common/header.tpl(1)
VQModObject::applyMod - SEARCH NOT FOUND (ABORTING MOD): <link rel="stylesheet" type="text/css" href="catalog/view/theme/default/stylesheet/stylesheet.css" />

----------------------------------------------------------------------


---------- Date: 2013-09-09 14:20:36 ~ IP : 178.136.129.61 ----------
REQUEST URI : /index.php?route=information/information&amp;information_id=19
MOD DETAILS:
   modFile   : /home/virtwww/w_dev-ska-com_87b8b5ee/http/vqmod/xml/fast_order.xml
   id        : Free fast order
   version   : 1.0
   vqmver    : 2.1.6
   author    : RGB

File Name    : catalog/view/theme/*/template/common/header.tpl(1)
VQModObject::applyMod - SEARCH NOT FOUND (ABORTING MOD): <link rel="stylesheet" type="text/css" href="catalog/view/theme/default/stylesheet/stylesheet.css" />

----------------------------------------------------------------------


---------- Date: 2013-09-09 15:05:37 ~ IP : 178.136.129.61 ----------
REQUEST URI : /camcorers
MOD DETAILS:
   modFile   : /home/virtwww/w_dev-ska-com_87b8b5ee/http/vqmod/xml/fast_order.xml
   id        : Free fast order
   version   : 1.0
   vqmver    : 2.1.6
   author    : RGB

File Name    : catalog/view/theme/*/template/common/header.tpl(1)
VQModObject::applyMod - SEARCH NOT FOUND (ABORTING MOD): <link rel="stylesheet" type="text/css" href="catalog/view/theme/default/stylesheet/stylesheet.css" />

----------------------------------------------------------------------


---------- Date: 2013-09-09 15:06:06 ~ IP : 178.136.129.61 ----------
REQUEST URI : /index.php?route=information/information&amp;information_id=14
MOD DETAILS:
   modFile   : /home/virtwww/w_dev-ska-com_87b8b5ee/http/vqmod/xml/fast_order.xml
   id        : Free fast order
   version   : 1.0
   vqmver    : 2.1.6
   author    : RGB

File Name    : catalog/view/theme/*/template/common/header.tpl(1)
VQModObject::applyMod - SEARCH NOT FOUND (ABORTING MOD): <link rel="stylesheet" type="text/css" href="catalog/view/theme/default/stylesheet/stylesheet.css" />

----------------------------------------------------------------------


---------- Date: 2013-09-09 15:06:20 ~ IP : 178.136.129.61 ----------
REQUEST URI : /index.php?route=product/category&amp;path=59_60
MOD DETAILS:
   modFile   : /home/virtwww/w_dev-ska-com_87b8b5ee/http/vqmod/xml/fast_order.xml
   id        : Free fast order
   version   : 1.0
   vqmver    : 2.1.6
   author    : RGB

File Name    : catalog/view/theme/*/template/common/header.tpl(1)
VQModObject::applyMod - SEARCH NOT FOUND (ABORTING MOD): <link rel="stylesheet" type="text/css" href="catalog/view/theme/default/stylesheet/stylesheet.css" />

----------------------------------------------------------------------


---------- Date: 2013-09-09 15:06:39 ~ IP : 178.136.129.61 ----------
REQUEST URI : /index.php?route=product/product&amp;path=59_60&amp;product_id=79
MOD DETAILS:
   modFile   : /home/virtwww/w_dev-ska-com_87b8b5ee/http/vqmod/xml/fast_order.xml
   id        : Free fast order
   version   : 1.0
   vqmver    : 2.1.6
   author    : RGB

File Name    : catalog/view/theme/*/template/common/header.tpl(1)
VQModObject::applyMod - SEARCH NOT FOUND (ABORTING MOD): <link rel="stylesheet" type="text/css" href="catalog/view/theme/default/stylesheet/stylesheet.css" />

----------------------------------------------------------------------


---------- Date: 2013-09-09 15:06:44 ~ IP : 178.136.129.61 ----------
REQUEST URI : /
MOD DETAILS:
   modFile   : /home/virtwww/w_dev-ska-com_87b8b5ee/http/vqmod/xml/fast_order.xml
   id        : Free fast order
   version   : 1.0
   vqmver    : 2.1.6
   author    : RGB

File Name    : catalog/view/theme/*/template/common/header.tpl(1)
VQModObject::applyMod - SEARCH NOT FOUND (ABORTING MOD): <link rel="stylesheet" type="text/css" href="catalog/view/theme/default/stylesheet/stylesheet.css" />

----------------------------------------------------------------------


---------- Date: 2013-09-09 15:47:27 ~ IP : 178.136.129.61 ----------
REQUEST URI : /
MOD DETAILS:
   modFile   : /home/virtwww/w_dev-ska-com_87b8b5ee/http/vqmod/xml/fast_order.xml
   id        : Free fast order
   version   : 1.0
   vqmver    : 2.1.6
   author    : RGB

File Name    : catalog/view/theme/*/template/common/header.tpl(1)
VQModObject::applyMod - SEARCH NOT FOUND (ABORTING MOD): <link rel="stylesheet" type="text/css" href="catalog/view/theme/default/stylesheet/stylesheet.css" />

----------------------------------------------------------------------


---------- Date: 2013-09-09 16:38:27 ~ IP : 195.234.4.55 ----------
REQUEST URI : /
MOD DETAILS:
   modFile   : /home/virtwww/w_dev-ska-com_87b8b5ee/http/vqmod/xml/fast_order.xml
   id        : Free fast order
   version   : 1.0
   vqmver    : 2.1.6
   author    : RGB

File Name    : catalog/view/theme/*/template/common/header.tpl(1)
VQModObject::applyMod - SEARCH NOT FOUND (ABORTING MOD): <link rel="stylesheet" type="text/css" href="catalog/view/theme/default/stylesheet/stylesheet.css" />

----------------------------------------------------------------------


