---------- Date: 2013-09-10 06:12:08 ~ IP : 195.234.4.55 ----------
REQUEST URI : /
MOD DETAILS:
   modFile   : /home/virtwww/w_dev-ska-com_87b8b5ee/http/vqmod/xml/fast_order.xml
   id        : Free fast order
   version   : 1.0
   vqmver    : 2.1.6
   author    : RGB

File Name    : catalog/view/theme/*/template/common/header.tpl(1)
VQModObject::applyMod - SEARCH NOT FOUND (ABORTING MOD): <link rel="stylesheet" type="text/css" href="catalog/view/theme/default/stylesheet/stylesheet.css" />

----------------------------------------------------------------------


---------- Date: 2013-09-10 09:21:44 ~ IP : 178.136.129.61 ----------
REQUEST URI : /
MOD DETAILS:
   modFile   : /home/virtwww/w_dev-ska-com_87b8b5ee/http/vqmod/xml/fast_order.xml
   id        : Free fast order
   version   : 1.0
   vqmver    : 2.1.6
   author    : RGB

File Name    : catalog/view/theme/*/template/common/header.tpl(1)
VQModObject::applyMod - SEARCH NOT FOUND (ABORTING MOD): <link rel="stylesheet" type="text/css" href="catalog/view/theme/default/stylesheet/stylesheet.css" />

----------------------------------------------------------------------


---------- Date: 2013-09-10 09:22:30 ~ IP : 178.136.129.61 ----------
REQUEST URI : /index.php?route=product/manufacturer/info&amp;manufacturer_id=15
MOD DETAILS:
   modFile   : /home/virtwww/w_dev-ska-com_87b8b5ee/http/vqmod/xml/fast_order.xml
   id        : Free fast order
   version   : 1.0
   vqmver    : 2.1.6
   author    : RGB

File Name    : catalog/view/theme/*/template/common/header.tpl(1)
VQModObject::applyMod - SEARCH NOT FOUND (ABORTING MOD): <link rel="stylesheet" type="text/css" href="catalog/view/theme/default/stylesheet/stylesheet.css" />

----------------------------------------------------------------------


---------- Date: 2013-09-10 11:34:36 ~ IP : 178.136.129.61 ----------
REQUEST URI : /
MOD DETAILS:
   modFile   : /home/virtwww/w_dev-ska-com_87b8b5ee/http/vqmod/xml/fast_order.xml
   id        : Free fast order
   version   : 1.0
   vqmver    : 2.1.6
   author    : RGB

File Name    : catalog/view/theme/*/template/common/header.tpl(1)
VQModObject::applyMod - SEARCH NOT FOUND (ABORTING MOD): <link rel="stylesheet" type="text/css" href="catalog/view/theme/default/stylesheet/stylesheet.css" />

----------------------------------------------------------------------


---------- Date: 2013-09-10 11:35:28 ~ IP : 178.136.129.61 ----------
REQUEST URI : /index.php?route=account/login
MOD DETAILS:
   modFile   : /home/virtwww/w_dev-ska-com_87b8b5ee/http/vqmod/xml/fast_order.xml
   id        : Free fast order
   version   : 1.0
   vqmver    : 2.1.6
   author    : RGB

File Name    : catalog/view/theme/*/template/common/header.tpl(1)
VQModObject::applyMod - SEARCH NOT FOUND (ABORTING MOD): <link rel="stylesheet" type="text/css" href="catalog/view/theme/default/stylesheet/stylesheet.css" />

----------------------------------------------------------------------


---------- Date: 2013-09-10 11:35:33 ~ IP : 178.136.129.61 ----------
REQUEST URI : /index.php?route=common/home
MOD DETAILS:
   modFile   : /home/virtwww/w_dev-ska-com_87b8b5ee/http/vqmod/xml/fast_order.xml
   id        : Free fast order
   version   : 1.0
   vqmver    : 2.1.6
   author    : RGB

File Name    : catalog/view/theme/*/template/common/header.tpl(1)
VQModObject::applyMod - SEARCH NOT FOUND (ABORTING MOD): <link rel="stylesheet" type="text/css" href="catalog/view/theme/default/stylesheet/stylesheet.css" />

----------------------------------------------------------------------


---------- Date: 2013-09-10 11:35:36 ~ IP : 178.136.129.61 ----------
REQUEST URI : /tv
MOD DETAILS:
   modFile   : /home/virtwww/w_dev-ska-com_87b8b5ee/http/vqmod/xml/fast_order.xml
   id        : Free fast order
   version   : 1.0
   vqmver    : 2.1.6
   author    : RGB

File Name    : catalog/view/theme/*/template/common/header.tpl(1)
VQModObject::applyMod - SEARCH NOT FOUND (ABORTING MOD): <link rel="stylesheet" type="text/css" href="catalog/view/theme/default/stylesheet/stylesheet.css" />

----------------------------------------------------------------------


---------- Date: 2013-09-10 11:49:58 ~ IP : 178.136.129.61 ----------
REQUEST URI : /index.php?route=product/category&amp;path=59_60
MOD DETAILS:
   modFile   : /home/virtwww/w_dev-ska-com_87b8b5ee/http/vqmod/xml/fast_order.xml
   id        : Free fast order
   version   : 1.0
   vqmver    : 2.1.6
   author    : RGB

File Name    : catalog/view/theme/*/template/common/header.tpl(1)
VQModObject::applyMod - SEARCH NOT FOUND (ABORTING MOD): <link rel="stylesheet" type="text/css" href="catalog/view/theme/default/stylesheet/stylesheet.css" />

----------------------------------------------------------------------


---------- Date: 2013-09-10 11:50:14 ~ IP : 178.136.129.61 ----------
REQUEST URI : /index.php?route=information/information&amp;information_id=14
MOD DETAILS:
   modFile   : /home/virtwww/w_dev-ska-com_87b8b5ee/http/vqmod/xml/fast_order.xml
   id        : Free fast order
   version   : 1.0
   vqmver    : 2.1.6
   author    : RGB

File Name    : catalog/view/theme/*/template/common/header.tpl(1)
VQModObject::applyMod - SEARCH NOT FOUND (ABORTING MOD): <link rel="stylesheet" type="text/css" href="catalog/view/theme/default/stylesheet/stylesheet.css" />

----------------------------------------------------------------------


---------- Date: 2013-09-10 15:12:49 ~ IP : 178.136.129.61 ----------
REQUEST URI : /
MOD DETAILS:
   modFile   : /home/virtwww/w_dev-ska-com_87b8b5ee/http/vqmod/xml/fast_order.xml
   id        : Free fast order
   version   : 1.0
   vqmver    : 2.1.6
   author    : RGB

File Name    : catalog/view/theme/*/template/common/header.tpl(1)
VQModObject::applyMod - SEARCH NOT FOUND (ABORTING MOD): <link rel="stylesheet" type="text/css" href="catalog/view/theme/default/stylesheet/stylesheet.css" />

----------------------------------------------------------------------


---------- Date: 2013-09-10 15:12:52 ~ IP : 178.136.129.61 ----------
REQUEST URI : /
MOD DETAILS:
   modFile   : /home/virtwww/w_dev-ska-com_87b8b5ee/http/vqmod/xml/fast_order.xml
   id        : Free fast order
   version   : 1.0
   vqmver    : 2.1.6
   author    : RGB

File Name    : catalog/view/theme/*/template/common/header.tpl(1)
VQModObject::applyMod - SEARCH NOT FOUND (ABORTING MOD): <link rel="stylesheet" type="text/css" href="catalog/view/theme/default/stylesheet/stylesheet.css" />

----------------------------------------------------------------------


---------- Date: 2013-09-10 20:15:59 ~ IP : 195.234.4.55 ----------
REQUEST URI : /
MOD DETAILS:
   modFile   : /home/virtwww/w_dev-ska-com_87b8b5ee/http/vqmod/xml/fast_order.xml
   id        : Free fast order
   version   : 1.0
   vqmver    : 2.1.6
   author    : RGB

File Name    : catalog/view/theme/*/template/common/header.tpl(1)
VQModObject::applyMod - SEARCH NOT FOUND (ABORTING MOD): <link rel="stylesheet" type="text/css" href="catalog/view/theme/default/stylesheet/stylesheet.css" />

----------------------------------------------------------------------


