---------- Date: 2013-09-11 09:54:25 ~ IP : 195.234.4.55 ----------
REQUEST URI : /
MOD DETAILS:
   modFile   : /home/virtwww/w_dev-ska-com_87b8b5ee/http/vqmod/xml/fast_order.xml
   id        : Free fast order
   version   : 1.0
   vqmver    : 2.1.6
   author    : RGB

File Name    : catalog/view/theme/*/template/common/header.tpl(1)
VQModObject::applyMod - SEARCH NOT FOUND (ABORTING MOD): <link rel="stylesheet" type="text/css" href="catalog/view/theme/default/stylesheet/stylesheet.css" />

----------------------------------------------------------------------


---------- Date: 2013-09-11 10:20:51 ~ IP : 178.136.129.61 ----------
REQUEST URI : /
MOD DETAILS:
   modFile   : /home/virtwww/w_dev-ska-com_87b8b5ee/http/vqmod/xml/fast_order.xml
   id        : Free fast order
   version   : 1.0
   vqmver    : 2.1.6
   author    : RGB

File Name    : catalog/view/theme/*/template/common/header.tpl(1)
VQModObject::applyMod - SEARCH NOT FOUND (ABORTING MOD): <link rel="stylesheet" type="text/css" href="catalog/view/theme/default/stylesheet/stylesheet.css" />

----------------------------------------------------------------------


---------- Date: 2013-09-11 10:20:52 ~ IP : 178.136.129.61 ----------
REQUEST URI : /
MOD DETAILS:
   modFile   : /home/virtwww/w_dev-ska-com_87b8b5ee/http/vqmod/xml/fast_order.xml
   id        : Free fast order
   version   : 1.0
   vqmver    : 2.1.6
   author    : RGB

File Name    : catalog/view/theme/*/template/common/header.tpl(1)
VQModObject::applyMod - SEARCH NOT FOUND (ABORTING MOD): <link rel="stylesheet" type="text/css" href="catalog/view/theme/default/stylesheet/stylesheet.css" />

----------------------------------------------------------------------


---------- Date: 2013-09-11 13:41:32 ~ IP : 178.136.129.61 ----------
REQUEST URI : /
MOD DETAILS:
   modFile   : /home/virtwww/w_dev-ska-com_87b8b5ee/http/vqmod/xml/fast_order.xml
   id        : Free fast order
   version   : 1.0
   vqmver    : 2.1.6
   author    : RGB

File Name    : catalog/view/theme/*/template/common/header.tpl(1)
VQModObject::applyMod - SEARCH NOT FOUND (ABORTING MOD): <link rel="stylesheet" type="text/css" href="catalog/view/theme/default/stylesheet/stylesheet.css" />

----------------------------------------------------------------------


---------- Date: 2013-09-11 13:45:09 ~ IP : 178.136.129.61 ----------
REQUEST URI : /index.php?route=product/search&amp;filter_name=600d
MOD DETAILS:
   modFile   : /home/virtwww/w_dev-ska-com_87b8b5ee/http/vqmod/xml/fast_order.xml
   id        : Free fast order
   version   : 1.0
   vqmver    : 2.1.6
   author    : RGB

File Name    : catalog/view/theme/*/template/common/header.tpl(1)
VQModObject::applyMod - SEARCH NOT FOUND (ABORTING MOD): <link rel="stylesheet" type="text/css" href="catalog/view/theme/default/stylesheet/stylesheet.css" />

----------------------------------------------------------------------


---------- Date: 2013-09-11 13:45:35 ~ IP : 178.136.129.61 ----------
REQUEST URI : /index.php?route=product/product&amp;filter_name=600d&amp;product_id=77
MOD DETAILS:
   modFile   : /home/virtwww/w_dev-ska-com_87b8b5ee/http/vqmod/xml/fast_order.xml
   id        : Free fast order
   version   : 1.0
   vqmver    : 2.1.6
   author    : RGB

File Name    : catalog/view/theme/*/template/common/header.tpl(1)
VQModObject::applyMod - SEARCH NOT FOUND (ABORTING MOD): <link rel="stylesheet" type="text/css" href="catalog/view/theme/default/stylesheet/stylesheet.css" />

----------------------------------------------------------------------


---------- Date: 2013-09-11 13:45:39 ~ IP : 178.136.129.61 ----------
REQUEST URI : /
MOD DETAILS:
   modFile   : /home/virtwww/w_dev-ska-com_87b8b5ee/http/vqmod/xml/fast_order.xml
   id        : Free fast order
   version   : 1.0
   vqmver    : 2.1.6
   author    : RGB

File Name    : catalog/view/theme/*/template/common/header.tpl(1)
VQModObject::applyMod - SEARCH NOT FOUND (ABORTING MOD): <link rel="stylesheet" type="text/css" href="catalog/view/theme/default/stylesheet/stylesheet.css" />

----------------------------------------------------------------------


---------- Date: 2013-09-11 13:47:59 ~ IP : 178.136.129.61 ----------
REQUEST URI : /index.php?route=product/product&amp;filter_name=600d&amp;product_id=77
MOD DETAILS:
   modFile   : /home/virtwww/w_dev-ska-com_87b8b5ee/http/vqmod/xml/fast_order.xml
   id        : Free fast order
   version   : 1.0
   vqmver    : 2.1.6
   author    : RGB

File Name    : catalog/view/theme/*/template/common/header.tpl(1)
VQModObject::applyMod - SEARCH NOT FOUND (ABORTING MOD): <link rel="stylesheet" type="text/css" href="catalog/view/theme/default/stylesheet/stylesheet.css" />

----------------------------------------------------------------------


---------- Date: 2013-09-11 13:48:01 ~ IP : 178.136.129.61 ----------
REQUEST URI : /
MOD DETAILS:
   modFile   : /home/virtwww/w_dev-ska-com_87b8b5ee/http/vqmod/xml/fast_order.xml
   id        : Free fast order
   version   : 1.0
   vqmver    : 2.1.6
   author    : RGB

File Name    : catalog/view/theme/*/template/common/header.tpl(1)
VQModObject::applyMod - SEARCH NOT FOUND (ABORTING MOD): <link rel="stylesheet" type="text/css" href="catalog/view/theme/default/stylesheet/stylesheet.css" />

----------------------------------------------------------------------


---------- Date: 2013-09-11 13:58:43 ~ IP : 178.136.129.61 ----------
REQUEST URI : /
MOD DETAILS:
   modFile   : /home/virtwww/w_dev-ska-com_87b8b5ee/http/vqmod/xml/fast_order.xml
   id        : Free fast order
   version   : 1.0
   vqmver    : 2.1.6
   author    : RGB

File Name    : catalog/view/theme/*/template/common/header.tpl(1)
VQModObject::applyMod - SEARCH NOT FOUND (ABORTING MOD): <link rel="stylesheet" type="text/css" href="catalog/view/theme/default/stylesheet/stylesheet.css" />

----------------------------------------------------------------------


---------- Date: 2013-09-11 13:58:52 ~ IP : 178.136.129.61 ----------
REQUEST URI : /index.php?route=product/category&amp;path=59_60
MOD DETAILS:
   modFile   : /home/virtwww/w_dev-ska-com_87b8b5ee/http/vqmod/xml/fast_order.xml
   id        : Free fast order
   version   : 1.0
   vqmver    : 2.1.6
   author    : RGB

File Name    : catalog/view/theme/*/template/common/header.tpl(1)
VQModObject::applyMod - SEARCH NOT FOUND (ABORTING MOD): <link rel="stylesheet" type="text/css" href="catalog/view/theme/default/stylesheet/stylesheet.css" />

----------------------------------------------------------------------


---------- Date: 2013-09-11 13:58:55 ~ IP : 178.136.129.61 ----------
REQUEST URI : /index.php?route=product/category&amp;path=59_60
MOD DETAILS:
   modFile   : /home/virtwww/w_dev-ska-com_87b8b5ee/http/vqmod/xml/fast_order.xml
   id        : Free fast order
   version   : 1.0
   vqmver    : 2.1.6
   author    : RGB

File Name    : catalog/view/theme/*/template/common/header.tpl(1)
VQModObject::applyMod - SEARCH NOT FOUND (ABORTING MOD): <link rel="stylesheet" type="text/css" href="catalog/view/theme/default/stylesheet/stylesheet.css" />

----------------------------------------------------------------------


---------- Date: 2013-09-11 13:59:14 ~ IP : 178.136.129.61 ----------
REQUEST URI : /index.php?route=product/category&amp;path=59_60&amp;sort=p.price&amp;order=ASC
MOD DETAILS:
   modFile   : /home/virtwww/w_dev-ska-com_87b8b5ee/http/vqmod/xml/fast_order.xml
   id        : Free fast order
   version   : 1.0
   vqmver    : 2.1.6
   author    : RGB

File Name    : catalog/view/theme/*/template/common/header.tpl(1)
VQModObject::applyMod - SEARCH NOT FOUND (ABORTING MOD): <link rel="stylesheet" type="text/css" href="catalog/view/theme/default/stylesheet/stylesheet.css" />

----------------------------------------------------------------------


---------- Date: 2013-09-11 17:31:20 ~ IP : 178.136.129.61 ----------
REQUEST URI : /
MOD DETAILS:
   modFile   : /home/virtwww/w_dev-ska-com_87b8b5ee/http/vqmod/xml/fast_order.xml
   id        : Free fast order
   version   : 1.0
   vqmver    : 2.1.6
   author    : RGB

File Name    : catalog/view/theme/*/template/common/header.tpl(1)
VQModObject::applyMod - SEARCH NOT FOUND (ABORTING MOD): <link rel="stylesheet" type="text/css" href="catalog/view/theme/default/stylesheet/stylesheet.css" />

----------------------------------------------------------------------


---------- Date: 2013-09-11 17:31:21 ~ IP : 178.136.129.61 ----------
REQUEST URI : /
MOD DETAILS:
   modFile   : /home/virtwww/w_dev-ska-com_87b8b5ee/http/vqmod/xml/fast_order.xml
   id        : Free fast order
   version   : 1.0
   vqmver    : 2.1.6
   author    : RGB

File Name    : catalog/view/theme/*/template/common/header.tpl(1)
VQModObject::applyMod - SEARCH NOT FOUND (ABORTING MOD): <link rel="stylesheet" type="text/css" href="catalog/view/theme/default/stylesheet/stylesheet.css" />

----------------------------------------------------------------------


---------- Date: 2013-09-11 17:32:34 ~ IP : 178.136.129.61 ----------
REQUEST URI : /index.php?route=common/home
MOD DETAILS:
   modFile   : /home/virtwww/w_dev-ska-com_87b8b5ee/http/vqmod/xml/fast_order.xml
   id        : Free fast order
   version   : 1.0
   vqmver    : 2.1.6
   author    : RGB

File Name    : catalog/view/theme/*/template/common/header.tpl(1)
VQModObject::applyMod - SEARCH NOT FOUND (ABORTING MOD): <link rel="stylesheet" type="text/css" href="catalog/view/theme/default/stylesheet/stylesheet.css" />

----------------------------------------------------------------------


---------- Date: 2013-09-11 17:32:54 ~ IP : 178.136.129.61 ----------
REQUEST URI : /index.php?route=product/category&amp;path=59_60
MOD DETAILS:
   modFile   : /home/virtwww/w_dev-ska-com_87b8b5ee/http/vqmod/xml/fast_order.xml
   id        : Free fast order
   version   : 1.0
   vqmver    : 2.1.6
   author    : RGB

File Name    : catalog/view/theme/*/template/common/header.tpl(1)
VQModObject::applyMod - SEARCH NOT FOUND (ABORTING MOD): <link rel="stylesheet" type="text/css" href="catalog/view/theme/default/stylesheet/stylesheet.css" />

----------------------------------------------------------------------


---------- Date: 2013-09-11 17:33:07 ~ IP : 178.136.129.61 ----------
REQUEST URI : /camcorers
MOD DETAILS:
   modFile   : /home/virtwww/w_dev-ska-com_87b8b5ee/http/vqmod/xml/fast_order.xml
   id        : Free fast order
   version   : 1.0
   vqmver    : 2.1.6
   author    : RGB

File Name    : catalog/view/theme/*/template/common/header.tpl(1)
VQModObject::applyMod - SEARCH NOT FOUND (ABORTING MOD): <link rel="stylesheet" type="text/css" href="catalog/view/theme/default/stylesheet/stylesheet.css" />

----------------------------------------------------------------------


---------- Date: 2013-09-11 23:52:40 ~ IP : 195.234.4.55 ----------
REQUEST URI : /
MOD DETAILS:
   modFile   : /home/virtwww/w_dev-ska-com_87b8b5ee/http/vqmod/xml/fast_order.xml
   id        : Free fast order
   version   : 1.0
   vqmver    : 2.1.6
   author    : RGB

File Name    : catalog/view/theme/*/template/common/header.tpl(1)
VQModObject::applyMod - SEARCH NOT FOUND (ABORTING MOD): <link rel="stylesheet" type="text/css" href="catalog/view/theme/default/stylesheet/stylesheet.css" />

----------------------------------------------------------------------


