---------- Date: 2013-09-12 11:01:34 ~ IP : 178.136.129.61 ----------
REQUEST URI : /
MOD DETAILS:
   modFile   : /home/virtwww/w_dev-ska-com_87b8b5ee/http/vqmod/xml/fast_order.xml
   id        : Free fast order
   version   : 1.0
   vqmver    : 2.1.6
   author    : RGB

File Name    : catalog/view/theme/*/template/common/header.tpl(1)
VQModObject::applyMod - SEARCH NOT FOUND (ABORTING MOD): <link rel="stylesheet" type="text/css" href="catalog/view/theme/default/stylesheet/stylesheet.css" />

----------------------------------------------------------------------


---------- Date: 2013-09-12 11:01:36 ~ IP : 178.136.129.61 ----------
REQUEST URI : /
MOD DETAILS:
   modFile   : /home/virtwww/w_dev-ska-com_87b8b5ee/http/vqmod/xml/fast_order.xml
   id        : Free fast order
   version   : 1.0
   vqmver    : 2.1.6
   author    : RGB

File Name    : catalog/view/theme/*/template/common/header.tpl(1)
VQModObject::applyMod - SEARCH NOT FOUND (ABORTING MOD): <link rel="stylesheet" type="text/css" href="catalog/view/theme/default/stylesheet/stylesheet.css" />

----------------------------------------------------------------------


---------- Date: 2013-09-12 11:04:15 ~ IP : 178.136.129.61 ----------
REQUEST URI : /index.php?route=common/home
MOD DETAILS:
   modFile   : /home/virtwww/w_dev-ska-com_87b8b5ee/http/vqmod/xml/fast_order.xml
   id        : Free fast order
   version   : 1.0
   vqmver    : 2.1.6
   author    : RGB

File Name    : catalog/view/theme/*/template/common/header.tpl(1)
VQModObject::applyMod - SEARCH NOT FOUND (ABORTING MOD): <link rel="stylesheet" type="text/css" href="catalog/view/theme/default/stylesheet/stylesheet.css" />

----------------------------------------------------------------------


---------- Date: 2013-09-12 11:04:38 ~ IP : 178.136.129.61 ----------
REQUEST URI : /index.php?route=information/information&amp;information_id=12
MOD DETAILS:
   modFile   : /home/virtwww/w_dev-ska-com_87b8b5ee/http/vqmod/xml/fast_order.xml
   id        : Free fast order
   version   : 1.0
   vqmver    : 2.1.6
   author    : RGB

File Name    : catalog/view/theme/*/template/common/header.tpl(1)
VQModObject::applyMod - SEARCH NOT FOUND (ABORTING MOD): <link rel="stylesheet" type="text/css" href="catalog/view/theme/default/stylesheet/stylesheet.css" />

----------------------------------------------------------------------


---------- Date: 2013-09-12 11:07:01 ~ IP : 178.136.129.61 ----------
REQUEST URI : /
MOD DETAILS:
   modFile   : /home/virtwww/w_dev-ska-com_87b8b5ee/http/vqmod/xml/fast_order.xml
   id        : Free fast order
   version   : 1.0
   vqmver    : 2.1.6
   author    : RGB

File Name    : catalog/view/theme/*/template/common/header.tpl(1)
VQModObject::applyMod - SEARCH NOT FOUND (ABORTING MOD): <link rel="stylesheet" type="text/css" href="catalog/view/theme/default/stylesheet/stylesheet.css" />

----------------------------------------------------------------------


---------- Date: 2013-09-12 11:10:29 ~ IP : 178.136.129.61 ----------
REQUEST URI : /index.php?route=product/search&amp;filter_name=eos%205D
MOD DETAILS:
   modFile   : /home/virtwww/w_dev-ska-com_87b8b5ee/http/vqmod/xml/fast_order.xml
   id        : Free fast order
   version   : 1.0
   vqmver    : 2.1.6
   author    : RGB

File Name    : catalog/view/theme/*/template/common/header.tpl(1)
VQModObject::applyMod - SEARCH NOT FOUND (ABORTING MOD): <link rel="stylesheet" type="text/css" href="catalog/view/theme/default/stylesheet/stylesheet.css" />

----------------------------------------------------------------------


---------- Date: 2013-09-12 13:20:58 ~ IP : 178.136.129.61 ----------
REQUEST URI : /
MOD DETAILS:
   modFile   : /home/virtwww/w_dev-ska-com_87b8b5ee/http/vqmod/xml/fast_order.xml
   id        : Free fast order
   version   : 1.0
   vqmver    : 2.1.6
   author    : RGB

File Name    : catalog/view/theme/*/template/common/header.tpl(1)
VQModObject::applyMod - SEARCH NOT FOUND (ABORTING MOD): <link rel="stylesheet" type="text/css" href="catalog/view/theme/default/stylesheet/stylesheet.css" />

----------------------------------------------------------------------


---------- Date: 2013-09-12 13:41:22 ~ IP : 195.234.4.55 ----------
REQUEST URI : /
MOD DETAILS:
   modFile   : /home/virtwww/w_dev-ska-com_87b8b5ee/http/vqmod/xml/fast_order.xml
   id        : Free fast order
   version   : 1.0
   vqmver    : 2.1.6
   author    : RGB

File Name    : catalog/view/theme/*/template/common/header.tpl(1)
VQModObject::applyMod - SEARCH NOT FOUND (ABORTING MOD): <link rel="stylesheet" type="text/css" href="catalog/view/theme/default/stylesheet/stylesheet.css" />

----------------------------------------------------------------------


---------- Date: 2013-09-12 15:24:19 ~ IP : 178.136.129.61 ----------
REQUEST URI : /
MOD DETAILS:
   modFile   : /home/virtwww/w_dev-ska-com_87b8b5ee/http/vqmod/xml/fast_order.xml
   id        : Free fast order
   version   : 1.0
   vqmver    : 2.1.6
   author    : RGB

File Name    : catalog/view/theme/*/template/common/header.tpl(1)
VQModObject::applyMod - SEARCH NOT FOUND (ABORTING MOD): <link rel="stylesheet" type="text/css" href="catalog/view/theme/default/stylesheet/stylesheet.css" />

----------------------------------------------------------------------


---------- Date: 2013-09-12 15:24:40 ~ IP : 178.136.129.61 ----------
REQUEST URI : /index.php?route=product/category&amp;path=59_60
MOD DETAILS:
   modFile   : /home/virtwww/w_dev-ska-com_87b8b5ee/http/vqmod/xml/fast_order.xml
   id        : Free fast order
   version   : 1.0
   vqmver    : 2.1.6
   author    : RGB

File Name    : catalog/view/theme/*/template/common/header.tpl(1)
VQModObject::applyMod - SEARCH NOT FOUND (ABORTING MOD): <link rel="stylesheet" type="text/css" href="catalog/view/theme/default/stylesheet/stylesheet.css" />

----------------------------------------------------------------------


---------- Date: 2013-09-12 15:25:10 ~ IP : 178.136.129.61 ----------
REQUEST URI : /index.php?route=common/home
MOD DETAILS:
   modFile   : /home/virtwww/w_dev-ska-com_87b8b5ee/http/vqmod/xml/fast_order.xml
   id        : Free fast order
   version   : 1.0
   vqmver    : 2.1.6
   author    : RGB

File Name    : catalog/view/theme/*/template/common/header.tpl(1)
VQModObject::applyMod - SEARCH NOT FOUND (ABORTING MOD): <link rel="stylesheet" type="text/css" href="catalog/view/theme/default/stylesheet/stylesheet.css" />

----------------------------------------------------------------------


---------- Date: 2013-09-12 15:32:49 ~ IP : 178.136.129.61 ----------
REQUEST URI : /index.php?route=information/information&amp;information_id=19
MOD DETAILS:
   modFile   : /home/virtwww/w_dev-ska-com_87b8b5ee/http/vqmod/xml/fast_order.xml
   id        : Free fast order
   version   : 1.0
   vqmver    : 2.1.6
   author    : RGB

File Name    : catalog/view/theme/*/template/common/header.tpl(1)
VQModObject::applyMod - SEARCH NOT FOUND (ABORTING MOD): <link rel="stylesheet" type="text/css" href="catalog/view/theme/default/stylesheet/stylesheet.css" />

----------------------------------------------------------------------


---------- Date: 2013-09-12 15:33:31 ~ IP : 178.136.129.61 ----------
REQUEST URI : /index.php?route=information/information&amp;information_id=12
MOD DETAILS:
   modFile   : /home/virtwww/w_dev-ska-com_87b8b5ee/http/vqmod/xml/fast_order.xml
   id        : Free fast order
   version   : 1.0
   vqmver    : 2.1.6
   author    : RGB

File Name    : catalog/view/theme/*/template/common/header.tpl(1)
VQModObject::applyMod - SEARCH NOT FOUND (ABORTING MOD): <link rel="stylesheet" type="text/css" href="catalog/view/theme/default/stylesheet/stylesheet.css" />

----------------------------------------------------------------------


---------- Date: 2013-09-12 17:06:37 ~ IP : 46.98.49.235 ----------
REQUEST URI : /
MOD DETAILS:
   modFile   : /home/virtwww/w_dev-ska-com_87b8b5ee/http/vqmod/xml/fast_order.xml
   id        : Free fast order
   version   : 1.0
   vqmver    : 2.1.6
   author    : RGB

File Name    : catalog/view/theme/*/template/common/header.tpl(1)
VQModObject::applyMod - SEARCH NOT FOUND (ABORTING MOD): <link rel="stylesheet" type="text/css" href="catalog/view/theme/default/stylesheet/stylesheet.css" />

----------------------------------------------------------------------


---------- Date: 2013-09-12 17:07:05 ~ IP : 46.98.49.235 ----------
REQUEST URI : /index.php?route=product/category&amp;path=62_63
MOD DETAILS:
   modFile   : /home/virtwww/w_dev-ska-com_87b8b5ee/http/vqmod/xml/fast_order.xml
   id        : Free fast order
   version   : 1.0
   vqmver    : 2.1.6
   author    : RGB

File Name    : catalog/view/theme/*/template/common/header.tpl(1)
VQModObject::applyMod - SEARCH NOT FOUND (ABORTING MOD): <link rel="stylesheet" type="text/css" href="catalog/view/theme/default/stylesheet/stylesheet.css" />

----------------------------------------------------------------------


---------- Date: 2013-09-12 17:07:06 ~ IP : 46.98.49.235 ----------
REQUEST URI : /
MOD DETAILS:
   modFile   : /home/virtwww/w_dev-ska-com_87b8b5ee/http/vqmod/xml/fast_order.xml
   id        : Free fast order
   version   : 1.0
   vqmver    : 2.1.6
   author    : RGB

File Name    : catalog/view/theme/*/template/common/header.tpl(1)
VQModObject::applyMod - SEARCH NOT FOUND (ABORTING MOD): <link rel="stylesheet" type="text/css" href="catalog/view/theme/default/stylesheet/stylesheet.css" />

----------------------------------------------------------------------


