---------- Date: 2013-09-13 03:18:54 ~ IP : 195.234.4.55 ----------
REQUEST URI : /
MOD DETAILS:
   modFile   : /home/virtwww/w_dev-ska-com_87b8b5ee/http/vqmod/xml/fast_order.xml
   id        : Free fast order
   version   : 1.0
   vqmver    : 2.1.6
   author    : RGB

File Name    : catalog/view/theme/*/template/common/header.tpl(1)
VQModObject::applyMod - SEARCH NOT FOUND (ABORTING MOD): <link rel="stylesheet" type="text/css" href="catalog/view/theme/default/stylesheet/stylesheet.css" />

----------------------------------------------------------------------


---------- Date: 2013-09-13 10:08:25 ~ IP : 178.136.129.61 ----------
REQUEST URI : /
MOD DETAILS:
   modFile   : /home/virtwww/w_dev-ska-com_87b8b5ee/http/vqmod/xml/fast_order.xml
   id        : Free fast order
   version   : 1.0
   vqmver    : 2.1.6
   author    : RGB

File Name    : catalog/view/theme/*/template/common/header.tpl(1)
VQModObject::applyMod - SEARCH NOT FOUND (ABORTING MOD): <link rel="stylesheet" type="text/css" href="catalog/view/theme/default/stylesheet/stylesheet.css" />

----------------------------------------------------------------------


---------- Date: 2013-09-13 10:08:25 ~ IP : 178.136.129.61 ----------
REQUEST URI : /
MOD DETAILS:
   modFile   : /home/virtwww/w_dev-ska-com_87b8b5ee/http/vqmod/xml/fast_order.xml
   id        : Free fast order
   version   : 1.0
   vqmver    : 2.1.6
   author    : RGB

File Name    : catalog/view/theme/*/template/common/header.tpl(1)
VQModObject::applyMod - SEARCH NOT FOUND (ABORTING MOD): <link rel="stylesheet" type="text/css" href="catalog/view/theme/default/stylesheet/stylesheet.css" />

----------------------------------------------------------------------


---------- Date: 2013-09-13 16:10:02 ~ IP : 178.136.129.61 ----------
REQUEST URI : /
MOD DETAILS:
   modFile   : /home/virtwww/w_dev-ska-com_87b8b5ee/http/vqmod/xml/fast_order.xml
   id        : Free fast order
   version   : 1.0
   vqmver    : 2.1.6
   author    : RGB

File Name    : catalog/view/theme/*/template/common/header.tpl(1)
VQModObject::applyMod - SEARCH NOT FOUND (ABORTING MOD): <link rel="stylesheet" type="text/css" href="catalog/view/theme/default/stylesheet/stylesheet.css" />

----------------------------------------------------------------------


---------- Date: 2013-09-13 16:10:02 ~ IP : 178.136.129.61 ----------
REQUEST URI : /
MOD DETAILS:
   modFile   : /home/virtwww/w_dev-ska-com_87b8b5ee/http/vqmod/xml/fast_order.xml
   id        : Free fast order
   version   : 1.0
   vqmver    : 2.1.6
   author    : RGB

File Name    : catalog/view/theme/*/template/common/header.tpl(1)
VQModObject::applyMod - SEARCH NOT FOUND (ABORTING MOD): <link rel="stylesheet" type="text/css" href="catalog/view/theme/default/stylesheet/stylesheet.css" />

----------------------------------------------------------------------


---------- Date: 2013-09-13 16:10:56 ~ IP : 178.136.129.61 ----------
REQUEST URI : /
MOD DETAILS:
   modFile   : /home/virtwww/w_dev-ska-com_87b8b5ee/http/vqmod/xml/fast_order.xml
   id        : Free fast order
   version   : 1.0
   vqmver    : 2.1.6
   author    : RGB

File Name    : catalog/view/theme/*/template/common/header.tpl(1)
VQModObject::applyMod - SEARCH NOT FOUND (ABORTING MOD): <link rel="stylesheet" type="text/css" href="catalog/view/theme/default/stylesheet/stylesheet.css" />

----------------------------------------------------------------------


---------- Date: 2013-09-13 16:11:38 ~ IP : 178.136.129.61 ----------
REQUEST URI : /index.php?route=product/search&amp;filter_name=100-400
MOD DETAILS:
   modFile   : /home/virtwww/w_dev-ska-com_87b8b5ee/http/vqmod/xml/fast_order.xml
   id        : Free fast order
   version   : 1.0
   vqmver    : 2.1.6
   author    : RGB

File Name    : catalog/view/theme/*/template/common/header.tpl(1)
VQModObject::applyMod - SEARCH NOT FOUND (ABORTING MOD): <link rel="stylesheet" type="text/css" href="catalog/view/theme/default/stylesheet/stylesheet.css" />

----------------------------------------------------------------------


---------- Date: 2013-09-13 16:17:24 ~ IP : 178.136.129.61 ----------
REQUEST URI : /index.php?route=product/search&amp;filter_name=100-400
MOD DETAILS:
   modFile   : /home/virtwww/w_dev-ska-com_87b8b5ee/http/vqmod/xml/fast_order.xml
   id        : Free fast order
   version   : 1.0
   vqmver    : 2.1.6
   author    : RGB

File Name    : catalog/view/theme/*/template/common/header.tpl(1)
VQModObject::applyMod - SEARCH NOT FOUND (ABORTING MOD): <link rel="stylesheet" type="text/css" href="catalog/view/theme/default/stylesheet/stylesheet.css" />

----------------------------------------------------------------------


---------- Date: 2013-09-13 16:17:40 ~ IP : 178.136.129.61 ----------
REQUEST URI : /index.php?route=product/search&amp;filter_name=100mm
MOD DETAILS:
   modFile   : /home/virtwww/w_dev-ska-com_87b8b5ee/http/vqmod/xml/fast_order.xml
   id        : Free fast order
   version   : 1.0
   vqmver    : 2.1.6
   author    : RGB

File Name    : catalog/view/theme/*/template/common/header.tpl(1)
VQModObject::applyMod - SEARCH NOT FOUND (ABORTING MOD): <link rel="stylesheet" type="text/css" href="catalog/view/theme/default/stylesheet/stylesheet.css" />

----------------------------------------------------------------------


---------- Date: 2013-09-13 16:19:29 ~ IP : 178.136.129.61 ----------
REQUEST URI : /index.php?route=product/search&amp;filter_name=16-35
MOD DETAILS:
   modFile   : /home/virtwww/w_dev-ska-com_87b8b5ee/http/vqmod/xml/fast_order.xml
   id        : Free fast order
   version   : 1.0
   vqmver    : 2.1.6
   author    : RGB

File Name    : catalog/view/theme/*/template/common/header.tpl(1)
VQModObject::applyMod - SEARCH NOT FOUND (ABORTING MOD): <link rel="stylesheet" type="text/css" href="catalog/view/theme/default/stylesheet/stylesheet.css" />

----------------------------------------------------------------------


---------- Date: 2013-09-13 16:21:36 ~ IP : 178.136.129.61 ----------
REQUEST URI : /index.php?route=product/search&amp;filter_name=16-35
MOD DETAILS:
   modFile   : /home/virtwww/w_dev-ska-com_87b8b5ee/http/vqmod/xml/fast_order.xml
   id        : Free fast order
   version   : 1.0
   vqmver    : 2.1.6
   author    : RGB

File Name    : catalog/view/theme/*/template/common/header.tpl(1)
VQModObject::applyMod - SEARCH NOT FOUND (ABORTING MOD): <link rel="stylesheet" type="text/css" href="catalog/view/theme/default/stylesheet/stylesheet.css" />

----------------------------------------------------------------------


---------- Date: 2013-09-13 16:21:41 ~ IP : 178.136.129.61 ----------
REQUEST URI : /index.php?route=product/product&amp;filter_name=16-35&amp;product_id=93
MOD DETAILS:
   modFile   : /home/virtwww/w_dev-ska-com_87b8b5ee/http/vqmod/xml/fast_order.xml
   id        : Free fast order
   version   : 1.0
   vqmver    : 2.1.6
   author    : RGB

File Name    : catalog/view/theme/*/template/common/header.tpl(1)
VQModObject::applyMod - SEARCH NOT FOUND (ABORTING MOD): <link rel="stylesheet" type="text/css" href="catalog/view/theme/default/stylesheet/stylesheet.css" />

----------------------------------------------------------------------


---------- Date: 2013-09-13 16:21:43 ~ IP : 178.136.129.61 ----------
REQUEST URI : /
MOD DETAILS:
   modFile   : /home/virtwww/w_dev-ska-com_87b8b5ee/http/vqmod/xml/fast_order.xml
   id        : Free fast order
   version   : 1.0
   vqmver    : 2.1.6
   author    : RGB

File Name    : catalog/view/theme/*/template/common/header.tpl(1)
VQModObject::applyMod - SEARCH NOT FOUND (ABORTING MOD): <link rel="stylesheet" type="text/css" href="catalog/view/theme/default/stylesheet/stylesheet.css" />

----------------------------------------------------------------------


---------- Date: 2013-09-13 16:21:58 ~ IP : 178.136.129.61 ----------
REQUEST URI : /index.php?route=product/search&amp;filter_name=100-400
MOD DETAILS:
   modFile   : /home/virtwww/w_dev-ska-com_87b8b5ee/http/vqmod/xml/fast_order.xml
   id        : Free fast order
   version   : 1.0
   vqmver    : 2.1.6
   author    : RGB

File Name    : catalog/view/theme/*/template/common/header.tpl(1)
VQModObject::applyMod - SEARCH NOT FOUND (ABORTING MOD): <link rel="stylesheet" type="text/css" href="catalog/view/theme/default/stylesheet/stylesheet.css" />

----------------------------------------------------------------------


---------- Date: 2013-09-13 16:22:01 ~ IP : 178.136.129.61 ----------
REQUEST URI : /index.php?route=product/product&amp;filter_name=100-400&amp;product_id=92
MOD DETAILS:
   modFile   : /home/virtwww/w_dev-ska-com_87b8b5ee/http/vqmod/xml/fast_order.xml
   id        : Free fast order
   version   : 1.0
   vqmver    : 2.1.6
   author    : RGB

File Name    : catalog/view/theme/*/template/common/header.tpl(1)
VQModObject::applyMod - SEARCH NOT FOUND (ABORTING MOD): <link rel="stylesheet" type="text/css" href="catalog/view/theme/default/stylesheet/stylesheet.css" />

----------------------------------------------------------------------


---------- Date: 2013-09-13 16:22:03 ~ IP : 178.136.129.61 ----------
REQUEST URI : /
MOD DETAILS:
   modFile   : /home/virtwww/w_dev-ska-com_87b8b5ee/http/vqmod/xml/fast_order.xml
   id        : Free fast order
   version   : 1.0
   vqmver    : 2.1.6
   author    : RGB

File Name    : catalog/view/theme/*/template/common/header.tpl(1)
VQModObject::applyMod - SEARCH NOT FOUND (ABORTING MOD): <link rel="stylesheet" type="text/css" href="catalog/view/theme/default/stylesheet/stylesheet.css" />

----------------------------------------------------------------------


---------- Date: 2013-09-13 16:23:09 ~ IP : 178.136.129.61 ----------
REQUEST URI : /index.php?route=product/search&amp;filter_name=16-35
MOD DETAILS:
   modFile   : /home/virtwww/w_dev-ska-com_87b8b5ee/http/vqmod/xml/fast_order.xml
   id        : Free fast order
   version   : 1.0
   vqmver    : 2.1.6
   author    : RGB

File Name    : catalog/view/theme/*/template/common/header.tpl(1)
VQModObject::applyMod - SEARCH NOT FOUND (ABORTING MOD): <link rel="stylesheet" type="text/css" href="catalog/view/theme/default/stylesheet/stylesheet.css" />

----------------------------------------------------------------------


---------- Date: 2013-09-13 16:23:13 ~ IP : 178.136.129.61 ----------
REQUEST URI : /index.php?route=product/product&amp;filter_name=16-35&amp;product_id=93
MOD DETAILS:
   modFile   : /home/virtwww/w_dev-ska-com_87b8b5ee/http/vqmod/xml/fast_order.xml
   id        : Free fast order
   version   : 1.0
   vqmver    : 2.1.6
   author    : RGB

File Name    : catalog/view/theme/*/template/common/header.tpl(1)
VQModObject::applyMod - SEARCH NOT FOUND (ABORTING MOD): <link rel="stylesheet" type="text/css" href="catalog/view/theme/default/stylesheet/stylesheet.css" />

----------------------------------------------------------------------


---------- Date: 2013-09-13 16:23:14 ~ IP : 178.136.129.61 ----------
REQUEST URI : /
MOD DETAILS:
   modFile   : /home/virtwww/w_dev-ska-com_87b8b5ee/http/vqmod/xml/fast_order.xml
   id        : Free fast order
   version   : 1.0
   vqmver    : 2.1.6
   author    : RGB

File Name    : catalog/view/theme/*/template/common/header.tpl(1)
VQModObject::applyMod - SEARCH NOT FOUND (ABORTING MOD): <link rel="stylesheet" type="text/css" href="catalog/view/theme/default/stylesheet/stylesheet.css" />

----------------------------------------------------------------------


---------- Date: 2013-09-13 16:24:02 ~ IP : 178.136.129.61 ----------
REQUEST URI : /index.php?route=product/product&amp;filter_name=16-35&amp;product_id=93
MOD DETAILS:
   modFile   : /home/virtwww/w_dev-ska-com_87b8b5ee/http/vqmod/xml/fast_order.xml
   id        : Free fast order
   version   : 1.0
   vqmver    : 2.1.6
   author    : RGB

File Name    : catalog/view/theme/*/template/common/header.tpl(1)
VQModObject::applyMod - SEARCH NOT FOUND (ABORTING MOD): <link rel="stylesheet" type="text/css" href="catalog/view/theme/default/stylesheet/stylesheet.css" />

----------------------------------------------------------------------


---------- Date: 2013-09-13 16:24:05 ~ IP : 178.136.129.61 ----------
REQUEST URI : /
MOD DETAILS:
   modFile   : /home/virtwww/w_dev-ska-com_87b8b5ee/http/vqmod/xml/fast_order.xml
   id        : Free fast order
   version   : 1.0
   vqmver    : 2.1.6
   author    : RGB

File Name    : catalog/view/theme/*/template/common/header.tpl(1)
VQModObject::applyMod - SEARCH NOT FOUND (ABORTING MOD): <link rel="stylesheet" type="text/css" href="catalog/view/theme/default/stylesheet/stylesheet.css" />

----------------------------------------------------------------------


---------- Date: 2013-09-13 16:24:25 ~ IP : 178.136.129.61 ----------
REQUEST URI : /index.php?route=product/search&amp;filter_name=24-70
MOD DETAILS:
   modFile   : /home/virtwww/w_dev-ska-com_87b8b5ee/http/vqmod/xml/fast_order.xml
   id        : Free fast order
   version   : 1.0
   vqmver    : 2.1.6
   author    : RGB

File Name    : catalog/view/theme/*/template/common/header.tpl(1)
VQModObject::applyMod - SEARCH NOT FOUND (ABORTING MOD): <link rel="stylesheet" type="text/css" href="catalog/view/theme/default/stylesheet/stylesheet.css" />

----------------------------------------------------------------------


---------- Date: 2013-09-13 16:24:29 ~ IP : 178.136.129.61 ----------
REQUEST URI : /index.php?route=product/product&amp;filter_name=24-70&amp;product_id=85
MOD DETAILS:
   modFile   : /home/virtwww/w_dev-ska-com_87b8b5ee/http/vqmod/xml/fast_order.xml
   id        : Free fast order
   version   : 1.0
   vqmver    : 2.1.6
   author    : RGB

File Name    : catalog/view/theme/*/template/common/header.tpl(1)
VQModObject::applyMod - SEARCH NOT FOUND (ABORTING MOD): <link rel="stylesheet" type="text/css" href="catalog/view/theme/default/stylesheet/stylesheet.css" />

----------------------------------------------------------------------


---------- Date: 2013-09-13 16:24:31 ~ IP : 178.136.129.61 ----------
REQUEST URI : /
MOD DETAILS:
   modFile   : /home/virtwww/w_dev-ska-com_87b8b5ee/http/vqmod/xml/fast_order.xml
   id        : Free fast order
   version   : 1.0
   vqmver    : 2.1.6
   author    : RGB

File Name    : catalog/view/theme/*/template/common/header.tpl(1)
VQModObject::applyMod - SEARCH NOT FOUND (ABORTING MOD): <link rel="stylesheet" type="text/css" href="catalog/view/theme/default/stylesheet/stylesheet.css" />

----------------------------------------------------------------------


---------- Date: 2013-09-13 16:25:57 ~ IP : 178.136.129.61 ----------
REQUEST URI : /index.php?route=product/search&amp;filter_name=24mm
MOD DETAILS:
   modFile   : /home/virtwww/w_dev-ska-com_87b8b5ee/http/vqmod/xml/fast_order.xml
   id        : Free fast order
   version   : 1.0
   vqmver    : 2.1.6
   author    : RGB

File Name    : catalog/view/theme/*/template/common/header.tpl(1)
VQModObject::applyMod - SEARCH NOT FOUND (ABORTING MOD): <link rel="stylesheet" type="text/css" href="catalog/view/theme/default/stylesheet/stylesheet.css" />

----------------------------------------------------------------------


---------- Date: 2013-09-13 16:28:23 ~ IP : 178.136.129.61 ----------
REQUEST URI : /index.php?route=product/search&amp;filter_name=24mm
MOD DETAILS:
   modFile   : /home/virtwww/w_dev-ska-com_87b8b5ee/http/vqmod/xml/fast_order.xml
   id        : Free fast order
   version   : 1.0
   vqmver    : 2.1.6
   author    : RGB

File Name    : catalog/view/theme/*/template/common/header.tpl(1)
VQModObject::applyMod - SEARCH NOT FOUND (ABORTING MOD): <link rel="stylesheet" type="text/css" href="catalog/view/theme/default/stylesheet/stylesheet.css" />

----------------------------------------------------------------------


---------- Date: 2013-09-13 16:28:27 ~ IP : 178.136.129.61 ----------
REQUEST URI : /index.php?route=product/product&amp;filter_name=24mm&amp;product_id=94
MOD DETAILS:
   modFile   : /home/virtwww/w_dev-ska-com_87b8b5ee/http/vqmod/xml/fast_order.xml
   id        : Free fast order
   version   : 1.0
   vqmver    : 2.1.6
   author    : RGB

File Name    : catalog/view/theme/*/template/common/header.tpl(1)
VQModObject::applyMod - SEARCH NOT FOUND (ABORTING MOD): <link rel="stylesheet" type="text/css" href="catalog/view/theme/default/stylesheet/stylesheet.css" />

----------------------------------------------------------------------


---------- Date: 2013-09-13 16:28:30 ~ IP : 178.136.129.61 ----------
REQUEST URI : /
MOD DETAILS:
   modFile   : /home/virtwww/w_dev-ska-com_87b8b5ee/http/vqmod/xml/fast_order.xml
   id        : Free fast order
   version   : 1.0
   vqmver    : 2.1.6
   author    : RGB

File Name    : catalog/view/theme/*/template/common/header.tpl(1)
VQModObject::applyMod - SEARCH NOT FOUND (ABORTING MOD): <link rel="stylesheet" type="text/css" href="catalog/view/theme/default/stylesheet/stylesheet.css" />

----------------------------------------------------------------------


---------- Date: 2013-09-13 16:29:10 ~ IP : 178.136.129.61 ----------
REQUEST URI : /index.php?route=product/category&amp;path=62
MOD DETAILS:
   modFile   : /home/virtwww/w_dev-ska-com_87b8b5ee/http/vqmod/xml/fast_order.xml
   id        : Free fast order
   version   : 1.0
   vqmver    : 2.1.6
   author    : RGB

File Name    : catalog/view/theme/*/template/common/header.tpl(1)
VQModObject::applyMod - SEARCH NOT FOUND (ABORTING MOD): <link rel="stylesheet" type="text/css" href="catalog/view/theme/default/stylesheet/stylesheet.css" />

----------------------------------------------------------------------


---------- Date: 2013-09-13 16:29:14 ~ IP : 178.136.129.61 ----------
REQUEST URI : /index.php?route=product/category&amp;path=62_63
MOD DETAILS:
   modFile   : /home/virtwww/w_dev-ska-com_87b8b5ee/http/vqmod/xml/fast_order.xml
   id        : Free fast order
   version   : 1.0
   vqmver    : 2.1.6
   author    : RGB

File Name    : catalog/view/theme/*/template/common/header.tpl(1)
VQModObject::applyMod - SEARCH NOT FOUND (ABORTING MOD): <link rel="stylesheet" type="text/css" href="catalog/view/theme/default/stylesheet/stylesheet.css" />

----------------------------------------------------------------------


---------- Date: 2013-09-13 16:29:56 ~ IP : 178.136.129.61 ----------
REQUEST URI : /index.php?route=product/search&amp;filter_name=28-300
MOD DETAILS:
   modFile   : /home/virtwww/w_dev-ska-com_87b8b5ee/http/vqmod/xml/fast_order.xml
   id        : Free fast order
   version   : 1.0
   vqmver    : 2.1.6
   author    : RGB

File Name    : catalog/view/theme/*/template/common/header.tpl(1)
VQModObject::applyMod - SEARCH NOT FOUND (ABORTING MOD): <link rel="stylesheet" type="text/css" href="catalog/view/theme/default/stylesheet/stylesheet.css" />

----------------------------------------------------------------------


---------- Date: 2013-09-13 16:29:59 ~ IP : 178.136.129.61 ----------
REQUEST URI : /index.php?route=product/product&amp;filter_name=28-300&amp;product_id=86
MOD DETAILS:
   modFile   : /home/virtwww/w_dev-ska-com_87b8b5ee/http/vqmod/xml/fast_order.xml
   id        : Free fast order
   version   : 1.0
   vqmver    : 2.1.6
   author    : RGB

File Name    : catalog/view/theme/*/template/common/header.tpl(1)
VQModObject::applyMod - SEARCH NOT FOUND (ABORTING MOD): <link rel="stylesheet" type="text/css" href="catalog/view/theme/default/stylesheet/stylesheet.css" />

----------------------------------------------------------------------


---------- Date: 2013-09-13 16:30:01 ~ IP : 178.136.129.61 ----------
REQUEST URI : /
MOD DETAILS:
   modFile   : /home/virtwww/w_dev-ska-com_87b8b5ee/http/vqmod/xml/fast_order.xml
   id        : Free fast order
   version   : 1.0
   vqmver    : 2.1.6
   author    : RGB

File Name    : catalog/view/theme/*/template/common/header.tpl(1)
VQModObject::applyMod - SEARCH NOT FOUND (ABORTING MOD): <link rel="stylesheet" type="text/css" href="catalog/view/theme/default/stylesheet/stylesheet.css" />

----------------------------------------------------------------------


---------- Date: 2013-09-13 16:33:51 ~ IP : 178.136.129.61 ----------
REQUEST URI : /index.php?route=product/search&amp;filter_name=28mm
MOD DETAILS:
   modFile   : /home/virtwww/w_dev-ska-com_87b8b5ee/http/vqmod/xml/fast_order.xml
   id        : Free fast order
   version   : 1.0
   vqmver    : 2.1.6
   author    : RGB

File Name    : catalog/view/theme/*/template/common/header.tpl(1)
VQModObject::applyMod - SEARCH NOT FOUND (ABORTING MOD): <link rel="stylesheet" type="text/css" href="catalog/view/theme/default/stylesheet/stylesheet.css" />

----------------------------------------------------------------------


---------- Date: 2013-09-13 16:33:58 ~ IP : 178.136.129.61 ----------
REQUEST URI : /index.php?route=product/product&amp;filter_name=28mm&amp;product_id=95
MOD DETAILS:
   modFile   : /home/virtwww/w_dev-ska-com_87b8b5ee/http/vqmod/xml/fast_order.xml
   id        : Free fast order
   version   : 1.0
   vqmver    : 2.1.6
   author    : RGB

File Name    : catalog/view/theme/*/template/common/header.tpl(1)
VQModObject::applyMod - SEARCH NOT FOUND (ABORTING MOD): <link rel="stylesheet" type="text/css" href="catalog/view/theme/default/stylesheet/stylesheet.css" />

----------------------------------------------------------------------


---------- Date: 2013-09-13 16:34:00 ~ IP : 178.136.129.61 ----------
REQUEST URI : /
MOD DETAILS:
   modFile   : /home/virtwww/w_dev-ska-com_87b8b5ee/http/vqmod/xml/fast_order.xml
   id        : Free fast order
   version   : 1.0
   vqmver    : 2.1.6
   author    : RGB

File Name    : catalog/view/theme/*/template/common/header.tpl(1)
VQModObject::applyMod - SEARCH NOT FOUND (ABORTING MOD): <link rel="stylesheet" type="text/css" href="catalog/view/theme/default/stylesheet/stylesheet.css" />

----------------------------------------------------------------------


---------- Date: 2013-09-13 16:35:10 ~ IP : 178.136.129.61 ----------
REQUEST URI : /index.php?route=product/search&amp;filter_name=35mm
MOD DETAILS:
   modFile   : /home/virtwww/w_dev-ska-com_87b8b5ee/http/vqmod/xml/fast_order.xml
   id        : Free fast order
   version   : 1.0
   vqmver    : 2.1.6
   author    : RGB

File Name    : catalog/view/theme/*/template/common/header.tpl(1)
VQModObject::applyMod - SEARCH NOT FOUND (ABORTING MOD): <link rel="stylesheet" type="text/css" href="catalog/view/theme/default/stylesheet/stylesheet.css" />

----------------------------------------------------------------------


---------- Date: 2013-09-13 16:35:17 ~ IP : 178.136.129.61 ----------
REQUEST URI : /index.php?route=product/product&amp;filter_name=35mm&amp;product_id=89
MOD DETAILS:
   modFile   : /home/virtwww/w_dev-ska-com_87b8b5ee/http/vqmod/xml/fast_order.xml
   id        : Free fast order
   version   : 1.0
   vqmver    : 2.1.6
   author    : RGB

File Name    : catalog/view/theme/*/template/common/header.tpl(1)
VQModObject::applyMod - SEARCH NOT FOUND (ABORTING MOD): <link rel="stylesheet" type="text/css" href="catalog/view/theme/default/stylesheet/stylesheet.css" />

----------------------------------------------------------------------


---------- Date: 2013-09-13 16:35:19 ~ IP : 178.136.129.61 ----------
REQUEST URI : /
MOD DETAILS:
   modFile   : /home/virtwww/w_dev-ska-com_87b8b5ee/http/vqmod/xml/fast_order.xml
   id        : Free fast order
   version   : 1.0
   vqmver    : 2.1.6
   author    : RGB

File Name    : catalog/view/theme/*/template/common/header.tpl(1)
VQModObject::applyMod - SEARCH NOT FOUND (ABORTING MOD): <link rel="stylesheet" type="text/css" href="catalog/view/theme/default/stylesheet/stylesheet.css" />

----------------------------------------------------------------------


---------- Date: 2013-09-13 16:37:38 ~ IP : 178.136.129.61 ----------
REQUEST URI : /index.php?route=product/product&amp;filter_name=35mm&amp;product_id=89
MOD DETAILS:
   modFile   : /home/virtwww/w_dev-ska-com_87b8b5ee/http/vqmod/xml/fast_order.xml
   id        : Free fast order
   version   : 1.0
   vqmver    : 2.1.6
   author    : RGB

File Name    : catalog/view/theme/*/template/common/header.tpl(1)
VQModObject::applyMod - SEARCH NOT FOUND (ABORTING MOD): <link rel="stylesheet" type="text/css" href="catalog/view/theme/default/stylesheet/stylesheet.css" />

----------------------------------------------------------------------


---------- Date: 2013-09-13 16:37:41 ~ IP : 178.136.129.61 ----------
REQUEST URI : /
MOD DETAILS:
   modFile   : /home/virtwww/w_dev-ska-com_87b8b5ee/http/vqmod/xml/fast_order.xml
   id        : Free fast order
   version   : 1.0
   vqmver    : 2.1.6
   author    : RGB

File Name    : catalog/view/theme/*/template/common/header.tpl(1)
VQModObject::applyMod - SEARCH NOT FOUND (ABORTING MOD): <link rel="stylesheet" type="text/css" href="catalog/view/theme/default/stylesheet/stylesheet.css" />

----------------------------------------------------------------------


---------- Date: 2013-09-13 16:37:57 ~ IP : 178.136.129.61 ----------
REQUEST URI : /index.php?route=product/search&amp;filter_name=35mm%20
MOD DETAILS:
   modFile   : /home/virtwww/w_dev-ska-com_87b8b5ee/http/vqmod/xml/fast_order.xml
   id        : Free fast order
   version   : 1.0
   vqmver    : 2.1.6
   author    : RGB

File Name    : catalog/view/theme/*/template/common/header.tpl(1)
VQModObject::applyMod - SEARCH NOT FOUND (ABORTING MOD): <link rel="stylesheet" type="text/css" href="catalog/view/theme/default/stylesheet/stylesheet.css" />

----------------------------------------------------------------------


---------- Date: 2013-09-13 16:38:02 ~ IP : 178.136.129.61 ----------
REQUEST URI : /index.php?route=product/product&amp;filter_name=35mm+&amp;product_id=90
MOD DETAILS:
   modFile   : /home/virtwww/w_dev-ska-com_87b8b5ee/http/vqmod/xml/fast_order.xml
   id        : Free fast order
   version   : 1.0
   vqmver    : 2.1.6
   author    : RGB

File Name    : catalog/view/theme/*/template/common/header.tpl(1)
VQModObject::applyMod - SEARCH NOT FOUND (ABORTING MOD): <link rel="stylesheet" type="text/css" href="catalog/view/theme/default/stylesheet/stylesheet.css" />

----------------------------------------------------------------------


---------- Date: 2013-09-13 16:38:04 ~ IP : 178.136.129.61 ----------
REQUEST URI : /
MOD DETAILS:
   modFile   : /home/virtwww/w_dev-ska-com_87b8b5ee/http/vqmod/xml/fast_order.xml
   id        : Free fast order
   version   : 1.0
   vqmver    : 2.1.6
   author    : RGB

File Name    : catalog/view/theme/*/template/common/header.tpl(1)
VQModObject::applyMod - SEARCH NOT FOUND (ABORTING MOD): <link rel="stylesheet" type="text/css" href="catalog/view/theme/default/stylesheet/stylesheet.css" />

----------------------------------------------------------------------


---------- Date: 2013-09-13 16:46:45 ~ IP : 178.136.129.61 ----------
REQUEST URI : /index.php?route=product/search&amp;filter_name=eos%205d
MOD DETAILS:
   modFile   : /home/virtwww/w_dev-ska-com_87b8b5ee/http/vqmod/xml/fast_order.xml
   id        : Free fast order
   version   : 1.0
   vqmver    : 2.1.6
   author    : RGB

File Name    : catalog/view/theme/*/template/common/header.tpl(1)
VQModObject::applyMod - SEARCH NOT FOUND (ABORTING MOD): <link rel="stylesheet" type="text/css" href="catalog/view/theme/default/stylesheet/stylesheet.css" />

----------------------------------------------------------------------


---------- Date: 2013-09-13 16:46:49 ~ IP : 178.136.129.61 ----------
REQUEST URI : /index.php?route=product/product&amp;filter_name=eos+5d&amp;product_id=96
MOD DETAILS:
   modFile   : /home/virtwww/w_dev-ska-com_87b8b5ee/http/vqmod/xml/fast_order.xml
   id        : Free fast order
   version   : 1.0
   vqmver    : 2.1.6
   author    : RGB

File Name    : catalog/view/theme/*/template/common/header.tpl(1)
VQModObject::applyMod - SEARCH NOT FOUND (ABORTING MOD): <link rel="stylesheet" type="text/css" href="catalog/view/theme/default/stylesheet/stylesheet.css" />

----------------------------------------------------------------------


---------- Date: 2013-09-13 16:46:53 ~ IP : 178.136.129.61 ----------
REQUEST URI : /
MOD DETAILS:
   modFile   : /home/virtwww/w_dev-ska-com_87b8b5ee/http/vqmod/xml/fast_order.xml
   id        : Free fast order
   version   : 1.0
   vqmver    : 2.1.6
   author    : RGB

File Name    : catalog/view/theme/*/template/common/header.tpl(1)
VQModObject::applyMod - SEARCH NOT FOUND (ABORTING MOD): <link rel="stylesheet" type="text/css" href="catalog/view/theme/default/stylesheet/stylesheet.css" />

----------------------------------------------------------------------


---------- Date: 2013-09-13 16:50:23 ~ IP : 178.136.129.61 ----------
REQUEST URI : /index.php?route=product/category&amp;path=59
MOD DETAILS:
   modFile   : /home/virtwww/w_dev-ska-com_87b8b5ee/http/vqmod/xml/fast_order.xml
   id        : Free fast order
   version   : 1.0
   vqmver    : 2.1.6
   author    : RGB

File Name    : catalog/view/theme/*/template/common/header.tpl(1)
VQModObject::applyMod - SEARCH NOT FOUND (ABORTING MOD): <link rel="stylesheet" type="text/css" href="catalog/view/theme/default/stylesheet/stylesheet.css" />

----------------------------------------------------------------------


---------- Date: 2013-09-13 16:50:26 ~ IP : 178.136.129.61 ----------
REQUEST URI : /index.php?route=product/category&amp;path=59_60
MOD DETAILS:
   modFile   : /home/virtwww/w_dev-ska-com_87b8b5ee/http/vqmod/xml/fast_order.xml
   id        : Free fast order
   version   : 1.0
   vqmver    : 2.1.6
   author    : RGB

File Name    : catalog/view/theme/*/template/common/header.tpl(1)
VQModObject::applyMod - SEARCH NOT FOUND (ABORTING MOD): <link rel="stylesheet" type="text/css" href="catalog/view/theme/default/stylesheet/stylesheet.css" />

----------------------------------------------------------------------


---------- Date: 2013-09-13 16:50:35 ~ IP : 178.136.129.61 ----------
REQUEST URI : /index.php?route=product/product&amp;path=59_60&amp;product_id=97
MOD DETAILS:
   modFile   : /home/virtwww/w_dev-ska-com_87b8b5ee/http/vqmod/xml/fast_order.xml
   id        : Free fast order
   version   : 1.0
   vqmver    : 2.1.6
   author    : RGB

File Name    : catalog/view/theme/*/template/common/header.tpl(1)
VQModObject::applyMod - SEARCH NOT FOUND (ABORTING MOD): <link rel="stylesheet" type="text/css" href="catalog/view/theme/default/stylesheet/stylesheet.css" />

----------------------------------------------------------------------


---------- Date: 2013-09-13 16:50:39 ~ IP : 178.136.129.61 ----------
REQUEST URI : /
MOD DETAILS:
   modFile   : /home/virtwww/w_dev-ska-com_87b8b5ee/http/vqmod/xml/fast_order.xml
   id        : Free fast order
   version   : 1.0
   vqmver    : 2.1.6
   author    : RGB

File Name    : catalog/view/theme/*/template/common/header.tpl(1)
VQModObject::applyMod - SEARCH NOT FOUND (ABORTING MOD): <link rel="stylesheet" type="text/css" href="catalog/view/theme/default/stylesheet/stylesheet.css" />

----------------------------------------------------------------------


---------- Date: 2013-09-13 16:51:46 ~ IP : 178.136.129.61 ----------
REQUEST URI : /index.php?route=product/search&amp;filter_name=600d
MOD DETAILS:
   modFile   : /home/virtwww/w_dev-ska-com_87b8b5ee/http/vqmod/xml/fast_order.xml
   id        : Free fast order
   version   : 1.0
   vqmver    : 2.1.6
   author    : RGB

File Name    : catalog/view/theme/*/template/common/header.tpl(1)
VQModObject::applyMod - SEARCH NOT FOUND (ABORTING MOD): <link rel="stylesheet" type="text/css" href="catalog/view/theme/default/stylesheet/stylesheet.css" />

----------------------------------------------------------------------


---------- Date: 2013-09-13 16:56:20 ~ IP : 178.136.129.61 ----------
REQUEST URI : /index.php?route=product/search&amp;filter_name=700d
MOD DETAILS:
   modFile   : /home/virtwww/w_dev-ska-com_87b8b5ee/http/vqmod/xml/fast_order.xml
   id        : Free fast order
   version   : 1.0
   vqmver    : 2.1.6
   author    : RGB

File Name    : catalog/view/theme/*/template/common/header.tpl(1)
VQModObject::applyMod - SEARCH NOT FOUND (ABORTING MOD): <link rel="stylesheet" type="text/css" href="catalog/view/theme/default/stylesheet/stylesheet.css" />

----------------------------------------------------------------------


---------- Date: 2013-09-13 16:56:23 ~ IP : 178.136.129.61 ----------
REQUEST URI : /index.php?route=product/product&amp;filter_name=700d&amp;product_id=98
MOD DETAILS:
   modFile   : /home/virtwww/w_dev-ska-com_87b8b5ee/http/vqmod/xml/fast_order.xml
   id        : Free fast order
   version   : 1.0
   vqmver    : 2.1.6
   author    : RGB

File Name    : catalog/view/theme/*/template/common/header.tpl(1)
VQModObject::applyMod - SEARCH NOT FOUND (ABORTING MOD): <link rel="stylesheet" type="text/css" href="catalog/view/theme/default/stylesheet/stylesheet.css" />

----------------------------------------------------------------------


---------- Date: 2013-09-13 16:56:27 ~ IP : 178.136.129.61 ----------
REQUEST URI : /
MOD DETAILS:
   modFile   : /home/virtwww/w_dev-ska-com_87b8b5ee/http/vqmod/xml/fast_order.xml
   id        : Free fast order
   version   : 1.0
   vqmver    : 2.1.6
   author    : RGB

File Name    : catalog/view/theme/*/template/common/header.tpl(1)
VQModObject::applyMod - SEARCH NOT FOUND (ABORTING MOD): <link rel="stylesheet" type="text/css" href="catalog/view/theme/default/stylesheet/stylesheet.css" />

----------------------------------------------------------------------


---------- Date: 2013-09-13 17:01:33 ~ IP : 178.136.129.61 ----------
REQUEST URI : /index.php?route=product/search&amp;filter_name=70d
MOD DETAILS:
   modFile   : /home/virtwww/w_dev-ska-com_87b8b5ee/http/vqmod/xml/fast_order.xml
   id        : Free fast order
   version   : 1.0
   vqmver    : 2.1.6
   author    : RGB

File Name    : catalog/view/theme/*/template/common/header.tpl(1)
VQModObject::applyMod - SEARCH NOT FOUND (ABORTING MOD): <link rel="stylesheet" type="text/css" href="catalog/view/theme/default/stylesheet/stylesheet.css" />

----------------------------------------------------------------------


---------- Date: 2013-09-13 17:01:37 ~ IP : 178.136.129.61 ----------
REQUEST URI : /index.php?route=product/product&amp;filter_name=70d&amp;product_id=99
MOD DETAILS:
   modFile   : /home/virtwww/w_dev-ska-com_87b8b5ee/http/vqmod/xml/fast_order.xml
   id        : Free fast order
   version   : 1.0
   vqmver    : 2.1.6
   author    : RGB

File Name    : catalog/view/theme/*/template/common/header.tpl(1)
VQModObject::applyMod - SEARCH NOT FOUND (ABORTING MOD): <link rel="stylesheet" type="text/css" href="catalog/view/theme/default/stylesheet/stylesheet.css" />

----------------------------------------------------------------------


---------- Date: 2013-09-13 17:01:40 ~ IP : 178.136.129.61 ----------
REQUEST URI : /
MOD DETAILS:
   modFile   : /home/virtwww/w_dev-ska-com_87b8b5ee/http/vqmod/xml/fast_order.xml
   id        : Free fast order
   version   : 1.0
   vqmver    : 2.1.6
   author    : RGB

File Name    : catalog/view/theme/*/template/common/header.tpl(1)
VQModObject::applyMod - SEARCH NOT FOUND (ABORTING MOD): <link rel="stylesheet" type="text/css" href="catalog/view/theme/default/stylesheet/stylesheet.css" />

----------------------------------------------------------------------


---------- Date: 2013-09-13 17:05:28 ~ IP : 178.136.129.61 ----------
REQUEST URI : /index.php?route=product/category&amp;path=59
MOD DETAILS:
   modFile   : /home/virtwww/w_dev-ska-com_87b8b5ee/http/vqmod/xml/fast_order.xml
   id        : Free fast order
   version   : 1.0
   vqmver    : 2.1.6
   author    : RGB

File Name    : catalog/view/theme/*/template/common/header.tpl(1)
VQModObject::applyMod - SEARCH NOT FOUND (ABORTING MOD): <link rel="stylesheet" type="text/css" href="catalog/view/theme/default/stylesheet/stylesheet.css" />

----------------------------------------------------------------------


---------- Date: 2013-09-13 17:05:48 ~ IP : 178.136.129.61 ----------
REQUEST URI : /index.php?route=product/category&amp;path=59_60
MOD DETAILS:
   modFile   : /home/virtwww/w_dev-ska-com_87b8b5ee/http/vqmod/xml/fast_order.xml
   id        : Free fast order
   version   : 1.0
   vqmver    : 2.1.6
   author    : RGB

File Name    : catalog/view/theme/*/template/common/header.tpl(1)
VQModObject::applyMod - SEARCH NOT FOUND (ABORTING MOD): <link rel="stylesheet" type="text/css" href="catalog/view/theme/default/stylesheet/stylesheet.css" />

----------------------------------------------------------------------


---------- Date: 2013-09-13 17:07:11 ~ IP : 178.136.129.61 ----------
REQUEST URI : /index.php?route=product/search&amp;filter_name=d3200
MOD DETAILS:
   modFile   : /home/virtwww/w_dev-ska-com_87b8b5ee/http/vqmod/xml/fast_order.xml
   id        : Free fast order
   version   : 1.0
   vqmver    : 2.1.6
   author    : RGB

File Name    : catalog/view/theme/*/template/common/header.tpl(1)
VQModObject::applyMod - SEARCH NOT FOUND (ABORTING MOD): <link rel="stylesheet" type="text/css" href="catalog/view/theme/default/stylesheet/stylesheet.css" />

----------------------------------------------------------------------


---------- Date: 2013-09-13 17:09:53 ~ IP : 178.136.129.61 ----------
REQUEST URI : /index.php?route=product/category&amp;path=59_60
MOD DETAILS:
   modFile   : /home/virtwww/w_dev-ska-com_87b8b5ee/http/vqmod/xml/fast_order.xml
   id        : Free fast order
   version   : 1.0
   vqmver    : 2.1.6
   author    : RGB

File Name    : catalog/view/theme/*/template/common/header.tpl(1)
VQModObject::applyMod - SEARCH NOT FOUND (ABORTING MOD): <link rel="stylesheet" type="text/css" href="catalog/view/theme/default/stylesheet/stylesheet.css" />

----------------------------------------------------------------------


---------- Date: 2013-09-13 17:10:30 ~ IP : 178.136.129.61 ----------
REQUEST URI : /index.php?route=product/category&amp;path=59_60
MOD DETAILS:
   modFile   : /home/virtwww/w_dev-ska-com_87b8b5ee/http/vqmod/xml/fast_order.xml
   id        : Free fast order
   version   : 1.0
   vqmver    : 2.1.6
   author    : RGB

File Name    : catalog/view/theme/*/template/common/header.tpl(1)
VQModObject::applyMod - SEARCH NOT FOUND (ABORTING MOD): <link rel="stylesheet" type="text/css" href="catalog/view/theme/default/stylesheet/stylesheet.css" />

----------------------------------------------------------------------


---------- Date: 2013-09-13 17:11:38 ~ IP : 178.136.129.61 ----------
REQUEST URI : /index.php?route=product/search&amp;filter_name=d3200
MOD DETAILS:
   modFile   : /home/virtwww/w_dev-ska-com_87b8b5ee/http/vqmod/xml/fast_order.xml
   id        : Free fast order
   version   : 1.0
   vqmver    : 2.1.6
   author    : RGB

File Name    : catalog/view/theme/*/template/common/header.tpl(1)
VQModObject::applyMod - SEARCH NOT FOUND (ABORTING MOD): <link rel="stylesheet" type="text/css" href="catalog/view/theme/default/stylesheet/stylesheet.css" />

----------------------------------------------------------------------


---------- Date: 2013-09-13 17:11:43 ~ IP : 178.136.129.61 ----------
REQUEST URI : /index.php?route=product/product&amp;filter_name=d3200&amp;product_id=101
MOD DETAILS:
   modFile   : /home/virtwww/w_dev-ska-com_87b8b5ee/http/vqmod/xml/fast_order.xml
   id        : Free fast order
   version   : 1.0
   vqmver    : 2.1.6
   author    : RGB

File Name    : catalog/view/theme/*/template/common/header.tpl(1)
VQModObject::applyMod - SEARCH NOT FOUND (ABORTING MOD): <link rel="stylesheet" type="text/css" href="catalog/view/theme/default/stylesheet/stylesheet.css" />

----------------------------------------------------------------------


---------- Date: 2013-09-13 17:11:47 ~ IP : 178.136.129.61 ----------
REQUEST URI : /
MOD DETAILS:
   modFile   : /home/virtwww/w_dev-ska-com_87b8b5ee/http/vqmod/xml/fast_order.xml
   id        : Free fast order
   version   : 1.0
   vqmver    : 2.1.6
   author    : RGB

File Name    : catalog/view/theme/*/template/common/header.tpl(1)
VQModObject::applyMod - SEARCH NOT FOUND (ABORTING MOD): <link rel="stylesheet" type="text/css" href="catalog/view/theme/default/stylesheet/stylesheet.css" />

----------------------------------------------------------------------


---------- Date: 2013-09-13 17:15:15 ~ IP : 178.136.129.61 ----------
REQUEST URI : /index.php?route=product/search&amp;filter_name=d5100
MOD DETAILS:
   modFile   : /home/virtwww/w_dev-ska-com_87b8b5ee/http/vqmod/xml/fast_order.xml
   id        : Free fast order
   version   : 1.0
   vqmver    : 2.1.6
   author    : RGB

File Name    : catalog/view/theme/*/template/common/header.tpl(1)
VQModObject::applyMod - SEARCH NOT FOUND (ABORTING MOD): <link rel="stylesheet" type="text/css" href="catalog/view/theme/default/stylesheet/stylesheet.css" />

----------------------------------------------------------------------


---------- Date: 2013-09-13 17:17:28 ~ IP : 195.234.4.55 ----------
REQUEST URI : /
MOD DETAILS:
   modFile   : /home/virtwww/w_dev-ska-com_87b8b5ee/http/vqmod/xml/fast_order.xml
   id        : Free fast order
   version   : 1.0
   vqmver    : 2.1.6
   author    : RGB

File Name    : catalog/view/theme/*/template/common/header.tpl(1)
VQModObject::applyMod - SEARCH NOT FOUND (ABORTING MOD): <link rel="stylesheet" type="text/css" href="catalog/view/theme/default/stylesheet/stylesheet.css" />

----------------------------------------------------------------------


---------- Date: 2013-09-13 17:18:31 ~ IP : 178.136.129.61 ----------
REQUEST URI : /index.php?route=product/search&amp;filter_name=d5200
MOD DETAILS:
   modFile   : /home/virtwww/w_dev-ska-com_87b8b5ee/http/vqmod/xml/fast_order.xml
   id        : Free fast order
   version   : 1.0
   vqmver    : 2.1.6
   author    : RGB

File Name    : catalog/view/theme/*/template/common/header.tpl(1)
VQModObject::applyMod - SEARCH NOT FOUND (ABORTING MOD): <link rel="stylesheet" type="text/css" href="catalog/view/theme/default/stylesheet/stylesheet.css" />

----------------------------------------------------------------------


---------- Date: 2013-09-13 17:19:43 ~ IP : 178.136.129.61 ----------
REQUEST URI : /camcorers
MOD DETAILS:
   modFile   : /home/virtwww/w_dev-ska-com_87b8b5ee/http/vqmod/xml/fast_order.xml
   id        : Free fast order
   version   : 1.0
   vqmver    : 2.1.6
   author    : RGB

File Name    : catalog/view/theme/*/template/common/header.tpl(1)
VQModObject::applyMod - SEARCH NOT FOUND (ABORTING MOD): <link rel="stylesheet" type="text/css" href="catalog/view/theme/default/stylesheet/stylesheet.css" />

----------------------------------------------------------------------


---------- Date: 2013-09-13 17:29:17 ~ IP : 178.136.129.61 ----------
REQUEST URI : /apple/tabs
MOD DETAILS:
   modFile   : /home/virtwww/w_dev-ska-com_87b8b5ee/http/vqmod/xml/fast_order.xml
   id        : Free fast order
   version   : 1.0
   vqmver    : 2.1.6
   author    : RGB

File Name    : catalog/view/theme/*/template/common/header.tpl(1)
VQModObject::applyMod - SEARCH NOT FOUND (ABORTING MOD): <link rel="stylesheet" type="text/css" href="catalog/view/theme/default/stylesheet/stylesheet.css" />

----------------------------------------------------------------------


---------- Date: 2013-09-13 17:31:08 ~ IP : 178.136.129.61 ----------
REQUEST URI : /apple/tabs
MOD DETAILS:
   modFile   : /home/virtwww/w_dev-ska-com_87b8b5ee/http/vqmod/xml/fast_order.xml
   id        : Free fast order
   version   : 1.0
   vqmver    : 2.1.6
   author    : RGB

File Name    : catalog/view/theme/*/template/common/header.tpl(1)
VQModObject::applyMod - SEARCH NOT FOUND (ABORTING MOD): <link rel="stylesheet" type="text/css" href="catalog/view/theme/default/stylesheet/stylesheet.css" />

----------------------------------------------------------------------


---------- Date: 2013-09-13 17:34:46 ~ IP : 178.136.129.61 ----------
REQUEST URI : /apple/cellphones
MOD DETAILS:
   modFile   : /home/virtwww/w_dev-ska-com_87b8b5ee/http/vqmod/xml/fast_order.xml
   id        : Free fast order
   version   : 1.0
   vqmver    : 2.1.6
   author    : RGB

File Name    : catalog/view/theme/*/template/common/header.tpl(1)
VQModObject::applyMod - SEARCH NOT FOUND (ABORTING MOD): <link rel="stylesheet" type="text/css" href="catalog/view/theme/default/stylesheet/stylesheet.css" />

----------------------------------------------------------------------


---------- Date: 2013-09-13 17:35:07 ~ IP : 178.136.129.61 ----------
REQUEST URI : /apple/cellphones?product_id=106
MOD DETAILS:
   modFile   : /home/virtwww/w_dev-ska-com_87b8b5ee/http/vqmod/xml/fast_order.xml
   id        : Free fast order
   version   : 1.0
   vqmver    : 2.1.6
   author    : RGB

File Name    : catalog/view/theme/*/template/common/header.tpl(1)
VQModObject::applyMod - SEARCH NOT FOUND (ABORTING MOD): <link rel="stylesheet" type="text/css" href="catalog/view/theme/default/stylesheet/stylesheet.css" />

----------------------------------------------------------------------


---------- Date: 2013-09-13 17:35:11 ~ IP : 178.136.129.61 ----------
REQUEST URI : /
MOD DETAILS:
   modFile   : /home/virtwww/w_dev-ska-com_87b8b5ee/http/vqmod/xml/fast_order.xml
   id        : Free fast order
   version   : 1.0
   vqmver    : 2.1.6
   author    : RGB

File Name    : catalog/view/theme/*/template/common/header.tpl(1)
VQModObject::applyMod - SEARCH NOT FOUND (ABORTING MOD): <link rel="stylesheet" type="text/css" href="catalog/view/theme/default/stylesheet/stylesheet.css" />

----------------------------------------------------------------------


---------- Date: 2013-09-13 17:37:04 ~ IP : 178.136.129.61 ----------
REQUEST URI : /index.php?route=product/category&amp;path=62_64
MOD DETAILS:
   modFile   : /home/virtwww/w_dev-ska-com_87b8b5ee/http/vqmod/xml/fast_order.xml
   id        : Free fast order
   version   : 1.0
   vqmver    : 2.1.6
   author    : RGB

File Name    : catalog/view/theme/*/template/common/header.tpl(1)
VQModObject::applyMod - SEARCH NOT FOUND (ABORTING MOD): <link rel="stylesheet" type="text/css" href="catalog/view/theme/default/stylesheet/stylesheet.css" />

----------------------------------------------------------------------


---------- Date: 2013-09-13 17:39:50 ~ IP : 178.136.129.61 ----------
REQUEST URI : /index.php?route=product/category&amp;path=62_64
MOD DETAILS:
   modFile   : /home/virtwww/w_dev-ska-com_87b8b5ee/http/vqmod/xml/fast_order.xml
   id        : Free fast order
   version   : 1.0
   vqmver    : 2.1.6
   author    : RGB

File Name    : catalog/view/theme/*/template/common/header.tpl(1)
VQModObject::applyMod - SEARCH NOT FOUND (ABORTING MOD): <link rel="stylesheet" type="text/css" href="catalog/view/theme/default/stylesheet/stylesheet.css" />

----------------------------------------------------------------------


---------- Date: 2013-09-13 17:40:00 ~ IP : 178.136.129.61 ----------
REQUEST URI : /index.php?route=product/product&amp;path=62_64&amp;product_id=108
MOD DETAILS:
   modFile   : /home/virtwww/w_dev-ska-com_87b8b5ee/http/vqmod/xml/fast_order.xml
   id        : Free fast order
   version   : 1.0
   vqmver    : 2.1.6
   author    : RGB

File Name    : catalog/view/theme/*/template/common/header.tpl(1)
VQModObject::applyMod - SEARCH NOT FOUND (ABORTING MOD): <link rel="stylesheet" type="text/css" href="catalog/view/theme/default/stylesheet/stylesheet.css" />

----------------------------------------------------------------------


---------- Date: 2013-09-13 17:40:03 ~ IP : 178.136.129.61 ----------
REQUEST URI : /
MOD DETAILS:
   modFile   : /home/virtwww/w_dev-ska-com_87b8b5ee/http/vqmod/xml/fast_order.xml
   id        : Free fast order
   version   : 1.0
   vqmver    : 2.1.6
   author    : RGB

File Name    : catalog/view/theme/*/template/common/header.tpl(1)
VQModObject::applyMod - SEARCH NOT FOUND (ABORTING MOD): <link rel="stylesheet" type="text/css" href="catalog/view/theme/default/stylesheet/stylesheet.css" />

----------------------------------------------------------------------


---------- Date: 2013-09-13 17:42:25 ~ IP : 178.136.129.61 ----------
REQUEST URI : /index.php?route=product/category&amp;path=62_64
MOD DETAILS:
   modFile   : /home/virtwww/w_dev-ska-com_87b8b5ee/http/vqmod/xml/fast_order.xml
   id        : Free fast order
   version   : 1.0
   vqmver    : 2.1.6
   author    : RGB

File Name    : catalog/view/theme/*/template/common/header.tpl(1)
VQModObject::applyMod - SEARCH NOT FOUND (ABORTING MOD): <link rel="stylesheet" type="text/css" href="catalog/view/theme/default/stylesheet/stylesheet.css" />

----------------------------------------------------------------------


---------- Date: 2013-09-13 17:45:10 ~ IP : 178.136.129.61 ----------
REQUEST URI : /index.php?route=product/category&amp;path=62_64
MOD DETAILS:
   modFile   : /home/virtwww/w_dev-ska-com_87b8b5ee/http/vqmod/xml/fast_order.xml
   id        : Free fast order
   version   : 1.0
   vqmver    : 2.1.6
   author    : RGB

File Name    : catalog/view/theme/*/template/common/header.tpl(1)
VQModObject::applyMod - SEARCH NOT FOUND (ABORTING MOD): <link rel="stylesheet" type="text/css" href="catalog/view/theme/default/stylesheet/stylesheet.css" />

----------------------------------------------------------------------


---------- Date: 2013-09-13 17:47:52 ~ IP : 178.136.129.61 ----------
REQUEST URI : /index.php?route=product/category&amp;path=62_63
MOD DETAILS:
   modFile   : /home/virtwww/w_dev-ska-com_87b8b5ee/http/vqmod/xml/fast_order.xml
   id        : Free fast order
   version   : 1.0
   vqmver    : 2.1.6
   author    : RGB

File Name    : catalog/view/theme/*/template/common/header.tpl(1)
VQModObject::applyMod - SEARCH NOT FOUND (ABORTING MOD): <link rel="stylesheet" type="text/css" href="catalog/view/theme/default/stylesheet/stylesheet.css" />

----------------------------------------------------------------------


---------- Date: 2013-09-13 17:47:58 ~ IP : 178.136.129.61 ----------
REQUEST URI : /memory_cards
MOD DETAILS:
   modFile   : /home/virtwww/w_dev-ska-com_87b8b5ee/http/vqmod/xml/fast_order.xml
   id        : Free fast order
   version   : 1.0
   vqmver    : 2.1.6
   author    : RGB

File Name    : catalog/view/theme/*/template/common/header.tpl(1)
VQModObject::applyMod - SEARCH NOT FOUND (ABORTING MOD): <link rel="stylesheet" type="text/css" href="catalog/view/theme/default/stylesheet/stylesheet.css" />

----------------------------------------------------------------------


---------- Date: 2013-09-13 17:51:20 ~ IP : 178.136.129.61 ----------
REQUEST URI : /memory_cards
MOD DETAILS:
   modFile   : /home/virtwww/w_dev-ska-com_87b8b5ee/http/vqmod/xml/fast_order.xml
   id        : Free fast order
   version   : 1.0
   vqmver    : 2.1.6
   author    : RGB

File Name    : catalog/view/theme/*/template/common/header.tpl(1)
VQModObject::applyMod - SEARCH NOT FOUND (ABORTING MOD): <link rel="stylesheet" type="text/css" href="catalog/view/theme/default/stylesheet/stylesheet.css" />

----------------------------------------------------------------------


---------- Date: 2013-09-13 17:53:36 ~ IP : 178.136.129.61 ----------
REQUEST URI : /index.php?route=product/category&amp;path=62
MOD DETAILS:
   modFile   : /home/virtwww/w_dev-ska-com_87b8b5ee/http/vqmod/xml/fast_order.xml
   id        : Free fast order
   version   : 1.0
   vqmver    : 2.1.6
   author    : RGB

File Name    : catalog/view/theme/*/template/common/header.tpl(1)
VQModObject::applyMod - SEARCH NOT FOUND (ABORTING MOD): <link rel="stylesheet" type="text/css" href="catalog/view/theme/default/stylesheet/stylesheet.css" />

----------------------------------------------------------------------


---------- Date: 2013-09-13 17:55:41 ~ IP : 178.136.129.61 ----------
REQUEST URI : /memory_cards
MOD DETAILS:
   modFile   : /home/virtwww/w_dev-ska-com_87b8b5ee/http/vqmod/xml/fast_order.xml
   id        : Free fast order
   version   : 1.0
   vqmver    : 2.1.6
   author    : RGB

File Name    : catalog/view/theme/*/template/common/header.tpl(1)
VQModObject::applyMod - SEARCH NOT FOUND (ABORTING MOD): <link rel="stylesheet" type="text/css" href="catalog/view/theme/default/stylesheet/stylesheet.css" />

----------------------------------------------------------------------


---------- Date: 2013-09-13 17:58:07 ~ IP : 178.136.129.61 ----------
REQUEST URI : /memory_cards
MOD DETAILS:
   modFile   : /home/virtwww/w_dev-ska-com_87b8b5ee/http/vqmod/xml/fast_order.xml
   id        : Free fast order
   version   : 1.0
   vqmver    : 2.1.6
   author    : RGB

File Name    : catalog/view/theme/*/template/common/header.tpl(1)
VQModObject::applyMod - SEARCH NOT FOUND (ABORTING MOD): <link rel="stylesheet" type="text/css" href="catalog/view/theme/default/stylesheet/stylesheet.css" />

----------------------------------------------------------------------


---------- Date: 2013-09-13 18:00:13 ~ IP : 178.136.129.61 ----------
REQUEST URI : /memory_cards
MOD DETAILS:
   modFile   : /home/virtwww/w_dev-ska-com_87b8b5ee/http/vqmod/xml/fast_order.xml
   id        : Free fast order
   version   : 1.0
   vqmver    : 2.1.6
   author    : RGB

File Name    : catalog/view/theme/*/template/common/header.tpl(1)
VQModObject::applyMod - SEARCH NOT FOUND (ABORTING MOD): <link rel="stylesheet" type="text/css" href="catalog/view/theme/default/stylesheet/stylesheet.css" />

----------------------------------------------------------------------


---------- Date: 2013-09-13 18:00:32 ~ IP : 178.136.129.61 ----------
REQUEST URI : /office_techniks/copiers
MOD DETAILS:
   modFile   : /home/virtwww/w_dev-ska-com_87b8b5ee/http/vqmod/xml/fast_order.xml
   id        : Free fast order
   version   : 1.0
   vqmver    : 2.1.6
   author    : RGB

File Name    : catalog/view/theme/*/template/common/header.tpl(1)
VQModObject::applyMod - SEARCH NOT FOUND (ABORTING MOD): <link rel="stylesheet" type="text/css" href="catalog/view/theme/default/stylesheet/stylesheet.css" />

----------------------------------------------------------------------


---------- Date: 2013-09-13 18:00:36 ~ IP : 178.136.129.61 ----------
REQUEST URI : /other/Inkjet-cartriges
MOD DETAILS:
   modFile   : /home/virtwww/w_dev-ska-com_87b8b5ee/http/vqmod/xml/fast_order.xml
   id        : Free fast order
   version   : 1.0
   vqmver    : 2.1.6
   author    : RGB

File Name    : catalog/view/theme/*/template/common/header.tpl(1)
VQModObject::applyMod - SEARCH NOT FOUND (ABORTING MOD): <link rel="stylesheet" type="text/css" href="catalog/view/theme/default/stylesheet/stylesheet.css" />

----------------------------------------------------------------------


